2004.02.21 19:09 B H:\companysetup\includes\dbconnection.php --> ftp.zerone-projects.co.uk /companysetup/includes dbconnection.php
2004.02.21 19:09 B H:\companysetup\includes\footer.php --> ftp.zerone-projects.co.uk /companysetup/includes footer.php
2004.02.21 19:09 B H:\companysetup\includes\function.php --> ftp.zerone-projects.co.uk /companysetup/includes function.php
2004.02.21 19:09 B H:\companysetup\includes\header.php --> ftp.zerone-projects.co.uk /companysetup/includes header.php
2004.02.21 19:09 B H:\companysetup\includes\message.php --> ftp.zerone-projects.co.uk /companysetup/includes message.php
2004.02.21 19:09 B H:\companysetup\includes\sessioncheck.php --> ftp.zerone-projects.co.uk /companysetup/includes sessioncheck.php
2004.02.21 19:09 B H:\companysetup\includes\sessioncheckuser.php --> ftp.zerone-projects.co.uk /companysetup/includes sessioncheckuser.php
2004.02.21 19:09 B H:\companysetup\includes\topheader.php --> ftp.zerone-projects.co.uk /companysetup/includes topheader.php
2004.02.21 19:35 B H:\companysetup\includes\dbconnection.php --> ftp.zerone-projects.co.uk /companysetup/includes dbconnection.php
2004.02.21 19:42 B H:\companysetup\includes\dbconnection.php --> ftp.zerone-projects.co.uk /companysetup/includes dbconnection.php
2004.02.23 16:17 B H:\companysetup\includes\function.php --> ftp.zerone-projects.co.uk /companysetup/includes function.php
2004.02.23 16:17 B H:\companysetup\includes\message.php --> ftp.zerone-projects.co.uk /companysetup/includes message.php
2004.02.23 16:17 B H:\companysetup\includes\dbconnection.php --> ftp.zerone-projects.co.uk /companysetup/includes dbconnection.php
2004.02.23 16:17 B H:\companysetup\includes\topheader.php --> ftp.zerone-projects.co.uk /companysetup/includes topheader.php
2004.02.23 16:27 B H:\companysetup\includes\dbconnection.php --> ftp.zerone-projects.co.uk /companysetup/includes dbconnection.php
2004.02.23 20:17 B H:\companysetup\includes\function.php --> ftp.zerone-projects.co.uk /companysetup/includes function.php
2004.02.24 19:20 B H:\companysetup\includes\topheader.php --> ftp.zerone-projects.co.uk /companysetup/includes topheader.php
2004.12.02 14:09 B E:\Etelegate_DontDelete\EtelegateBackup_24_Nov_2004\Etelegate\includes\dbconnection.php --> ftp.zerone-consulting.com /httpdocs/projects/Etelegate_DontDelete/EtelegateBackup_24_Nov_2004/Etelegate/includes dbconnection.php
2004.12.02 14:09 B E:\Etelegate_DontDelete\EtelegateBackup_24_Nov_2004\Etelegate\includes\displaytimer.php --> ftp.zerone-consulting.com /httpdocs/projects/Etelegate_DontDelete/EtelegateBackup_24_Nov_2004/Etelegate/includes displaytimer.php
2004.12.02 14:09 B E:\Etelegate_DontDelete\EtelegateBackup_24_Nov_2004\Etelegate\includes\footer.php --> ftp.zerone-consulting.com /httpdocs/projects/Etelegate_DontDelete/EtelegateBackup_24_Nov_2004/Etelegate/includes footer.php
2004.12.02 14:10 B E:\Etelegate_DontDelete\EtelegateBackup_24_Nov_2004\Etelegate\includes\function.php --> ftp.zerone-consulting.com /httpdocs/projects/Etelegate_DontDelete/EtelegateBackup_24_Nov_2004/Etelegate/includes function.php
2004.12.02 14:10 B E:\Etelegate_DontDelete\EtelegateBackup_24_Nov_2004\Etelegate\includes\function.php.bak --> ftp.zerone-consulting.com /httpdocs/projects/Etelegate_DontDelete/EtelegateBackup_24_Nov_2004/Etelegate/includes function.php.bak
2004.12.02 14:10 B E:\Etelegate_DontDelete\EtelegateBackup_24_Nov_2004\Etelegate\includes\function1.php --> ftp.zerone-consulting.com /httpdocs/projects/Etelegate_DontDelete/EtelegateBackup_24_Nov_2004/Etelegate/includes function1.php
2004.12.02 14:10 B E:\Etelegate_DontDelete\EtelegateBackup_24_Nov_2004\Etelegate\includes\function2.php --> ftp.zerone-consulting.com /httpdocs/projects/Etelegate_DontDelete/EtelegateBackup_24_Nov_2004/Etelegate/includes function2.php
2004.12.02 14:10 B E:\Etelegate_DontDelete\EtelegateBackup_24_Nov_2004\Etelegate\includes\function_1.php --> ftp.zerone-consulting.com /httpdocs/projects/Etelegate_DontDelete/EtelegateBackup_24_Nov_2004/Etelegate/includes function_1.php
2004.12.02 14:10 B E:\Etelegate_DontDelete\EtelegateBackup_24_Nov_2004\Etelegate\includes\function_latest.php --> ftp.zerone-consulting.com /httpdocs/projects/Etelegate_DontDelete/EtelegateBackup_24_Nov_2004/Etelegate/includes function_latest.php
2004.12.02 14:11 B E:\Etelegate_DontDelete\EtelegateBackup_24_Nov_2004\Etelegate\includes\header.php --> ftp.zerone-consulting.com /httpdocs/projects/Etelegate_DontDelete/EtelegateBackup_24_Nov_2004/Etelegate/includes header.php
2004.12.02 14:11 B E:\Etelegate_DontDelete\EtelegateBackup_24_Nov_2004\Etelegate\includes\message.php --> ftp.zerone-consulting.com /httpdocs/projects/Etelegate_DontDelete/EtelegateBackup_24_Nov_2004/Etelegate/includes message.php
2004.12.02 14:11 B E:\Etelegate_DontDelete\EtelegateBackup_24_Nov_2004\Etelegate\includes\sessioncheck.php --> ftp.zerone-consulting.com /httpdocs/projects/Etelegate_DontDelete/EtelegateBackup_24_Nov_2004/Etelegate/includes sessioncheck.php
2004.12.02 14:11 B E:\Etelegate_DontDelete\EtelegateBackup_24_Nov_2004\Etelegate\includes\sessioncheckserviceuser.php --> ftp.zerone-consulting.com /httpdocs/projects/Etelegate_DontDelete/EtelegateBackup_24_Nov_2004/Etelegate/includes sessioncheckserviceuser.php
2004.12.02 14:11 B E:\Etelegate_DontDelete\EtelegateBackup_24_Nov_2004\Etelegate\includes\sessioncheckuser.php --> ftp.zerone-consulting.com /httpdocs/projects/Etelegate_DontDelete/EtelegateBackup_24_Nov_2004/Etelegate/includes sessioncheckuser.php
2004.12.02 14:11 B E:\Etelegate_DontDelete\EtelegateBackup_24_Nov_2004\Etelegate\includes\topheader.php --> ftp.zerone-consulting.com /httpdocs/projects/Etelegate_DontDelete/EtelegateBackup_24_Nov_2004/Etelegate/includes topheader.php
2004.12.02 14:11 B E:\Etelegate_DontDelete\EtelegateBackup_24_Nov_2004\Etelegate\includes\WS_FTP.LOG --> ftp.zerone-consulting.com /httpdocs/projects/Etelegate_DontDelete/EtelegateBackup_24_Nov_2004/Etelegate/includes WS_FTP.LOG
