2004.12.02 14:35 B E:\Etelegate_DontDelete\EtelegateBackup_24_Nov_2004\Etelegate\reseller\addMerchant.php --> ftp.zerone-consulting.com /httpdocs/projects/Etelegate_DontDelete/EtelegateBackup_24_Nov_2004/Etelegate/reseller addMerchant.php
2004.12.02 14:36 B E:\Etelegate_DontDelete\EtelegateBackup_24_Nov_2004\Etelegate\reseller\addMerchant.php.bak --> ftp.zerone-consulting.com /httpdocs/projects/Etelegate_DontDelete/EtelegateBackup_24_Nov_2004/Etelegate/reseller addMerchant.php.bak
2004.12.02 14:36 B E:\Etelegate_DontDelete\EtelegateBackup_24_Nov_2004\Etelegate\reseller\blank.php --> ftp.zerone-consulting.com /httpdocs/projects/Etelegate_DontDelete/EtelegateBackup_24_Nov_2004/Etelegate/reseller blank.php
2004.12.02 14:36 B E:\Etelegate_DontDelete\EtelegateBackup_24_Nov_2004\Etelegate\reseller\changePassword.php --> ftp.zerone-consulting.com /httpdocs/projects/Etelegate_DontDelete/EtelegateBackup_24_Nov_2004/Etelegate/reseller changePassword.php
2004.12.02 14:36 B E:\Etelegate_DontDelete\EtelegateBackup_24_Nov_2004\Etelegate\reseller\editProfile.php --> ftp.zerone-consulting.com /httpdocs/projects/Etelegate_DontDelete/EtelegateBackup_24_Nov_2004/Etelegate/reseller editProfile.php
2004.12.02 14:36 B E:\Etelegate_DontDelete\EtelegateBackup_24_Nov_2004\Etelegate\reseller\gatewayResellerContract.php --> ftp.zerone-consulting.com /httpdocs/projects/Etelegate_DontDelete/EtelegateBackup_24_Nov_2004/Etelegate/reseller gatewayResellerContract.php
2004.12.02 14:36 B E:\Etelegate_DontDelete\EtelegateBackup_24_Nov_2004\Etelegate\reseller\gateweayResellerLetter.php --> ftp.zerone-consulting.com /httpdocs/projects/Etelegate_DontDelete/EtelegateBackup_24_Nov_2004/Etelegate/reseller gateweayResellerLetter.php
2004.12.02 14:36 B E:\Etelegate_DontDelete\EtelegateBackup_24_Nov_2004\Etelegate\reseller\gettingStarted.php --> ftp.zerone-consulting.com /httpdocs/projects/Etelegate_DontDelete/EtelegateBackup_24_Nov_2004/Etelegate/reseller gettingStarted.php
2004.12.02 14:36 B E:\Etelegate_DontDelete\EtelegateBackup_24_Nov_2004\Etelegate\reseller\logout.php --> ftp.zerone-consulting.com /httpdocs/projects/Etelegate_DontDelete/EtelegateBackup_24_Nov_2004/Etelegate/reseller logout.php
2004.12.02 14:37 B E:\Etelegate_DontDelete\EtelegateBackup_24_Nov_2004\Etelegate\reseller\logoutadmin.php --> ftp.zerone-consulting.com /httpdocs/projects/Etelegate_DontDelete/EtelegateBackup_24_Nov_2004/Etelegate/reseller logoutadmin.php
2004.12.02 14:37 B E:\Etelegate_DontDelete\EtelegateBackup_24_Nov_2004\Etelegate\reseller\merchantBlank.php --> ftp.zerone-consulting.com /httpdocs/projects/Etelegate_DontDelete/EtelegateBackup_24_Nov_2004/Etelegate/reseller merchantBlank.php
2004.12.02 14:37 B E:\Etelegate_DontDelete\EtelegateBackup_24_Nov_2004\Etelegate\reseller\MerchantUrl.php --> ftp.zerone-consulting.com /httpdocs/projects/Etelegate_DontDelete/EtelegateBackup_24_Nov_2004/Etelegate/reseller MerchantUrl.php
2004.12.02 14:37 B E:\Etelegate_DontDelete\EtelegateBackup_24_Nov_2004\Etelegate\reseller\profileBlank.php --> ftp.zerone-consulting.com /httpdocs/projects/Etelegate_DontDelete/EtelegateBackup_24_Nov_2004/Etelegate/reseller profileBlank.php
2004.12.02 14:37 B E:\Etelegate_DontDelete\EtelegateBackup_24_Nov_2004\Etelegate\reseller\resellerApplication.php --> ftp.zerone-consulting.com /httpdocs/projects/Etelegate_DontDelete/EtelegateBackup_24_Nov_2004/Etelegate/reseller resellerApplication.php
2004.12.02 14:37 B E:\Etelegate_DontDelete\EtelegateBackup_24_Nov_2004\Etelegate\reseller\resellerBank.php --> ftp.zerone-consulting.com /httpdocs/projects/Etelegate_DontDelete/EtelegateBackup_24_Nov_2004/Etelegate/reseller resellerBank.php
2004.12.02 14:38 B E:\Etelegate_DontDelete\EtelegateBackup_24_Nov_2004\Etelegate\reseller\resellerCompany.php --> ftp.zerone-consulting.com /httpdocs/projects/Etelegate_DontDelete/EtelegateBackup_24_Nov_2004/Etelegate/reseller resellerCompany.php
2004.12.02 14:38 B E:\Etelegate_DontDelete\EtelegateBackup_24_Nov_2004\Etelegate\reseller\resellerContract.php --> ftp.zerone-consulting.com /httpdocs/projects/Etelegate_DontDelete/EtelegateBackup_24_Nov_2004/Etelegate/reseller resellerContract.php
2004.12.02 14:38 B E:\Etelegate_DontDelete\EtelegateBackup_24_Nov_2004\Etelegate\reseller\resellersLedger.php --> ftp.zerone-consulting.com /httpdocs/projects/Etelegate_DontDelete/EtelegateBackup_24_Nov_2004/Etelegate/reseller resellersLedger.php
2004.12.02 14:38 B E:\Etelegate_DontDelete\EtelegateBackup_24_Nov_2004\Etelegate\reseller\resellerWebsite.php --> ftp.zerone-consulting.com /httpdocs/projects/Etelegate_DontDelete/EtelegateBackup_24_Nov_2004/Etelegate/reseller resellerWebsite.php
2004.12.02 14:38 B E:\Etelegate_DontDelete\EtelegateBackup_24_Nov_2004\Etelegate\reseller\selectMerchant.php --> ftp.zerone-consulting.com /httpdocs/projects/Etelegate_DontDelete/EtelegateBackup_24_Nov_2004/Etelegate/reseller selectMerchant.php
2004.12.02 14:38 B E:\Etelegate_DontDelete\EtelegateBackup_24_Nov_2004\Etelegate\reseller\selectMerchantLedger.php --> ftp.zerone-consulting.com /httpdocs/projects/Etelegate_DontDelete/EtelegateBackup_24_Nov_2004/Etelegate/reseller selectMerchantLedger.php
2004.12.02 14:38 B E:\Etelegate_DontDelete\EtelegateBackup_24_Nov_2004\Etelegate\reseller\startHere.php --> ftp.zerone-consulting.com /httpdocs/projects/Etelegate_DontDelete/EtelegateBackup_24_Nov_2004/Etelegate/reseller startHere.php
2004.12.02 14:38 B E:\Etelegate_DontDelete\EtelegateBackup_24_Nov_2004\Etelegate\reseller\submitApplication.php --> ftp.zerone-consulting.com /httpdocs/projects/Etelegate_DontDelete/EtelegateBackup_24_Nov_2004/Etelegate/reseller submitApplication.php
2004.12.02 14:38 B E:\Etelegate_DontDelete\EtelegateBackup_24_Nov_2004\Etelegate\reseller\submitContract.php --> ftp.zerone-consulting.com /httpdocs/projects/Etelegate_DontDelete/EtelegateBackup_24_Nov_2004/Etelegate/reseller submitContract.php
2004.12.02 14:38 B E:\Etelegate_DontDelete\EtelegateBackup_24_Nov_2004\Etelegate\reseller\updateMerchant.php --> ftp.zerone-consulting.com /httpdocs/projects/Etelegate_DontDelete/EtelegateBackup_24_Nov_2004/Etelegate/reseller updateMerchant.php
2004.12.02 14:38 B E:\Etelegate_DontDelete\EtelegateBackup_24_Nov_2004\Etelegate\reseller\updateMonthlyVolume.php --> ftp.zerone-consulting.com /httpdocs/projects/Etelegate_DontDelete/EtelegateBackup_24_Nov_2004/Etelegate/reseller updateMonthlyVolume.php
2004.12.02 14:38 B E:\Etelegate_DontDelete\EtelegateBackup_24_Nov_2004\Etelegate\reseller\viewApplicationStatus.php --> ftp.zerone-consulting.com /httpdocs/projects/Etelegate_DontDelete/EtelegateBackup_24_Nov_2004/Etelegate/reseller viewApplicationStatus.php
2004.12.02 14:38 B E:\Etelegate_DontDelete\EtelegateBackup_24_Nov_2004\Etelegate\reseller\viewMerchant.php --> ftp.zerone-consulting.com /httpdocs/projects/Etelegate_DontDelete/EtelegateBackup_24_Nov_2004/Etelegate/reseller viewMerchant.php
2004.12.02 14:38 B E:\Etelegate_DontDelete\EtelegateBackup_24_Nov_2004\Etelegate\reseller\viewMerchant.php.bak --> ftp.zerone-consulting.com /httpdocs/projects/Etelegate_DontDelete/EtelegateBackup_24_Nov_2004/Etelegate/reseller viewMerchant.php.bak
2004.12.02 14:38 B E:\Etelegate_DontDelete\EtelegateBackup_24_Nov_2004\Etelegate\reseller\viewRegistrationMail.php --> ftp.zerone-consulting.com /httpdocs/projects/Etelegate_DontDelete/EtelegateBackup_24_Nov_2004/Etelegate/reseller viewRegistrationMail.php
2005.03.10 17:45 B E:\Etelegate_DontDelete\EtelegateBackup_24_Nov_2004\Etelegate\reseller\addMerchant.php --> ftp.etelegate.com /reseller addMerchant.php
2005.03.10 17:45 B E:\Etelegate_DontDelete\EtelegateBackup_24_Nov_2004\Etelegate\reseller\addMerchant.php.bak --> ftp.etelegate.com /reseller addMerchant.php.bak
2005.03.10 17:45 B E:\Etelegate_DontDelete\EtelegateBackup_24_Nov_2004\Etelegate\reseller\blank.php --> ftp.etelegate.com /reseller blank.php
2005.03.10 17:46 B E:\Etelegate_DontDelete\EtelegateBackup_24_Nov_2004\Etelegate\reseller\changePassword.php --> ftp.etelegate.com /reseller changePassword.php
2005.03.10 17:46 B E:\Etelegate_DontDelete\EtelegateBackup_24_Nov_2004\Etelegate\reseller\editProfile.php --> ftp.etelegate.com /reseller editProfile.php
2005.03.10 17:46 B E:\Etelegate_DontDelete\EtelegateBackup_24_Nov_2004\Etelegate\reseller\gatewayResellerContract.php --> ftp.etelegate.com /reseller gatewayResellerContract.php
2005.03.10 17:46 B E:\Etelegate_DontDelete\EtelegateBackup_24_Nov_2004\Etelegate\reseller\gateweayResellerLetter.php --> ftp.etelegate.com /reseller gateweayResellerLetter.php
2005.03.10 17:46 B E:\Etelegate_DontDelete\EtelegateBackup_24_Nov_2004\Etelegate\reseller\gettingStarted.php --> ftp.etelegate.com /reseller gettingStarted.php
2005.03.10 17:46 B E:\Etelegate_DontDelete\EtelegateBackup_24_Nov_2004\Etelegate\reseller\logout.php --> ftp.etelegate.com /reseller logout.php
2005.03.10 17:46 B E:\Etelegate_DontDelete\EtelegateBackup_24_Nov_2004\Etelegate\reseller\logoutadmin.php --> ftp.etelegate.com /reseller logoutadmin.php
2005.03.10 17:46 B E:\Etelegate_DontDelete\EtelegateBackup_24_Nov_2004\Etelegate\reseller\merchantBlank.php --> ftp.etelegate.com /reseller merchantBlank.php
2005.03.10 17:46 B E:\Etelegate_DontDelete\EtelegateBackup_24_Nov_2004\Etelegate\reseller\MerchantUrl.php --> ftp.etelegate.com /reseller MerchantUrl.php
2005.03.10 17:46 B E:\Etelegate_DontDelete\EtelegateBackup_24_Nov_2004\Etelegate\reseller\profileBlank.php --> ftp.etelegate.com /reseller profileBlank.php
2005.03.10 17:47 B E:\Etelegate_DontDelete\EtelegateBackup_24_Nov_2004\Etelegate\reseller\resellerApplication.php --> ftp.etelegate.com /reseller resellerApplication.php
2005.03.10 17:47 B E:\Etelegate_DontDelete\EtelegateBackup_24_Nov_2004\Etelegate\reseller\resellerBank.php --> ftp.etelegate.com /reseller resellerBank.php
2005.03.10 17:47 B E:\Etelegate_DontDelete\EtelegateBackup_24_Nov_2004\Etelegate\reseller\resellerCompany.php --> ftp.etelegate.com /reseller resellerCompany.php
2005.03.10 17:47 B E:\Etelegate_DontDelete\EtelegateBackup_24_Nov_2004\Etelegate\reseller\resellerContract.php --> ftp.etelegate.com /reseller resellerContract.php
2005.03.10 17:47 B E:\Etelegate_DontDelete\EtelegateBackup_24_Nov_2004\Etelegate\reseller\resellersLedger.php --> ftp.etelegate.com /reseller resellersLedger.php
2005.03.10 17:47 B E:\Etelegate_DontDelete\EtelegateBackup_24_Nov_2004\Etelegate\reseller\resellerWebsite.php --> ftp.etelegate.com /reseller resellerWebsite.php
2005.03.10 17:47 B E:\Etelegate_DontDelete\EtelegateBackup_24_Nov_2004\Etelegate\reseller\selectMerchant.php --> ftp.etelegate.com /reseller selectMerchant.php
2005.03.10 17:48 B E:\Etelegate_DontDelete\EtelegateBackup_24_Nov_2004\Etelegate\reseller\selectMerchantLedger.php --> ftp.etelegate.com /reseller selectMerchantLedger.php
2005.03.10 17:48 B E:\Etelegate_DontDelete\EtelegateBackup_24_Nov_2004\Etelegate\reseller\startHere.php --> ftp.etelegate.com /reseller startHere.php
2005.03.10 17:48 B E:\Etelegate_DontDelete\EtelegateBackup_24_Nov_2004\Etelegate\reseller\submitApplication.php --> ftp.etelegate.com /reseller submitApplication.php
2005.03.10 17:48 B E:\Etelegate_DontDelete\EtelegateBackup_24_Nov_2004\Etelegate\reseller\submitContract.php --> ftp.etelegate.com /reseller submitContract.php
2005.03.10 17:48 B E:\Etelegate_DontDelete\EtelegateBackup_24_Nov_2004\Etelegate\reseller\updateMerchant.php --> ftp.etelegate.com /reseller updateMerchant.php
2005.03.10 17:48 B E:\Etelegate_DontDelete\EtelegateBackup_24_Nov_2004\Etelegate\reseller\updateMonthlyVolume.php --> ftp.etelegate.com /reseller updateMonthlyVolume.php
2005.03.10 17:48 B E:\Etelegate_DontDelete\EtelegateBackup_24_Nov_2004\Etelegate\reseller\viewApplicationStatus.php --> ftp.etelegate.com /reseller viewApplicationStatus.php
2005.03.10 17:49 B E:\Etelegate_DontDelete\EtelegateBackup_24_Nov_2004\Etelegate\reseller\viewMerchant.php --> ftp.etelegate.com /reseller viewMerchant.php
2005.03.10 17:49 B E:\Etelegate_DontDelete\EtelegateBackup_24_Nov_2004\Etelegate\reseller\viewMerchant.php.bak --> ftp.etelegate.com /reseller viewMerchant.php.bak
2005.03.10 17:49 B E:\Etelegate_DontDelete\EtelegateBackup_24_Nov_2004\Etelegate\reseller\viewRegistrationMail.php --> ftp.etelegate.com /reseller viewRegistrationMail.php
