2004.12.02 13:36 B E:\Etelegate_DontDelete\EtelegateBackup_24_Nov_2004\Etelegate\images\securitycode\0.gif --> ftp.zerone-consulting.com /httpdocs/projects/Etelegate_DontDelete/EtelegateBackup_24_Nov_2004/Etelegate/images/securitycode 0.gif
2004.12.02 13:36 B E:\Etelegate_DontDelete\EtelegateBackup_24_Nov_2004\Etelegate\images\securitycode\1.gif --> ftp.zerone-consulting.com /httpdocs/projects/Etelegate_DontDelete/EtelegateBackup_24_Nov_2004/Etelegate/images/securitycode 1.gif
2004.12.02 13:36 B E:\Etelegate_DontDelete\EtelegateBackup_24_Nov_2004\Etelegate\images\securitycode\2.gif --> ftp.zerone-consulting.com /httpdocs/projects/Etelegate_DontDelete/EtelegateBackup_24_Nov_2004/Etelegate/images/securitycode 2.gif
2004.12.02 13:36 B E:\Etelegate_DontDelete\EtelegateBackup_24_Nov_2004\Etelegate\images\securitycode\3.gif --> ftp.zerone-consulting.com /httpdocs/projects/Etelegate_DontDelete/EtelegateBackup_24_Nov_2004/Etelegate/images/securitycode 3.gif
2004.12.02 13:36 B E:\Etelegate_DontDelete\EtelegateBackup_24_Nov_2004\Etelegate\images\securitycode\4.gif --> ftp.zerone-consulting.com /httpdocs/projects/Etelegate_DontDelete/EtelegateBackup_24_Nov_2004/Etelegate/images/securitycode 4.gif
2004.12.02 13:36 B E:\Etelegate_DontDelete\EtelegateBackup_24_Nov_2004\Etelegate\images\securitycode\5.gif --> ftp.zerone-consulting.com /httpdocs/projects/Etelegate_DontDelete/EtelegateBackup_24_Nov_2004/Etelegate/images/securitycode 5.gif
2004.12.02 13:36 B E:\Etelegate_DontDelete\EtelegateBackup_24_Nov_2004\Etelegate\images\securitycode\6.gif --> ftp.zerone-consulting.com /httpdocs/projects/Etelegate_DontDelete/EtelegateBackup_24_Nov_2004/Etelegate/images/securitycode 6.gif
2004.12.02 13:36 B E:\Etelegate_DontDelete\EtelegateBackup_24_Nov_2004\Etelegate\images\securitycode\7.gif --> ftp.zerone-consulting.com /httpdocs/projects/Etelegate_DontDelete/EtelegateBackup_24_Nov_2004/Etelegate/images/securitycode 7.gif
2004.12.02 13:36 B E:\Etelegate_DontDelete\EtelegateBackup_24_Nov_2004\Etelegate\images\securitycode\8.gif --> ftp.zerone-consulting.com /httpdocs/projects/Etelegate_DontDelete/EtelegateBackup_24_Nov_2004/Etelegate/images/securitycode 8.gif
2004.12.02 13:36 B E:\Etelegate_DontDelete\EtelegateBackup_24_Nov_2004\Etelegate\images\securitycode\9.gif --> ftp.zerone-consulting.com /httpdocs/projects/Etelegate_DontDelete/EtelegateBackup_24_Nov_2004/Etelegate/images/securitycode 9.gif
2004.12.02 13:36 B E:\Etelegate_DontDelete\EtelegateBackup_24_Nov_2004\Etelegate\images\securitycode\A.gif --> ftp.zerone-consulting.com /httpdocs/projects/Etelegate_DontDelete/EtelegateBackup_24_Nov_2004/Etelegate/images/securitycode A.gif
2004.12.02 13:36 B E:\Etelegate_DontDelete\EtelegateBackup_24_Nov_2004\Etelegate\images\securitycode\B.gif --> ftp.zerone-consulting.com /httpdocs/projects/Etelegate_DontDelete/EtelegateBackup_24_Nov_2004/Etelegate/images/securitycode B.gif
2004.12.02 13:36 B E:\Etelegate_DontDelete\EtelegateBackup_24_Nov_2004\Etelegate\images\securitycode\C.gif --> ftp.zerone-consulting.com /httpdocs/projects/Etelegate_DontDelete/EtelegateBackup_24_Nov_2004/Etelegate/images/securitycode C.gif
2004.12.02 13:36 B E:\Etelegate_DontDelete\EtelegateBackup_24_Nov_2004\Etelegate\images\securitycode\D.gif --> ftp.zerone-consulting.com /httpdocs/projects/Etelegate_DontDelete/EtelegateBackup_24_Nov_2004/Etelegate/images/securitycode D.gif
2004.12.02 13:36 B E:\Etelegate_DontDelete\EtelegateBackup_24_Nov_2004\Etelegate\images\securitycode\E.gif --> ftp.zerone-consulting.com /httpdocs/projects/Etelegate_DontDelete/EtelegateBackup_24_Nov_2004/Etelegate/images/securitycode E.gif
2004.12.02 13:36 B E:\Etelegate_DontDelete\EtelegateBackup_24_Nov_2004\Etelegate\images\securitycode\F.gif --> ftp.zerone-consulting.com /httpdocs/projects/Etelegate_DontDelete/EtelegateBackup_24_Nov_2004/Etelegate/images/securitycode F.gif
2004.12.02 13:36 B E:\Etelegate_DontDelete\EtelegateBackup_24_Nov_2004\Etelegate\images\securitycode\G.gif --> ftp.zerone-consulting.com /httpdocs/projects/Etelegate_DontDelete/EtelegateBackup_24_Nov_2004/Etelegate/images/securitycode G.gif
2004.12.02 13:36 B E:\Etelegate_DontDelete\EtelegateBackup_24_Nov_2004\Etelegate\images\securitycode\H.gif --> ftp.zerone-consulting.com /httpdocs/projects/Etelegate_DontDelete/EtelegateBackup_24_Nov_2004/Etelegate/images/securitycode H.gif
2004.12.02 13:36 B E:\Etelegate_DontDelete\EtelegateBackup_24_Nov_2004\Etelegate\images\securitycode\I.gif --> ftp.zerone-consulting.com /httpdocs/projects/Etelegate_DontDelete/EtelegateBackup_24_Nov_2004/Etelegate/images/securitycode I.gif
2004.12.02 13:36 B E:\Etelegate_DontDelete\EtelegateBackup_24_Nov_2004\Etelegate\images\securitycode\J.gif --> ftp.zerone-consulting.com /httpdocs/projects/Etelegate_DontDelete/EtelegateBackup_24_Nov_2004/Etelegate/images/securitycode J.gif
2004.12.02 13:36 B E:\Etelegate_DontDelete\EtelegateBackup_24_Nov_2004\Etelegate\images\securitycode\K.gif --> ftp.zerone-consulting.com /httpdocs/projects/Etelegate_DontDelete/EtelegateBackup_24_Nov_2004/Etelegate/images/securitycode K.gif
2004.12.02 13:36 B E:\Etelegate_DontDelete\EtelegateBackup_24_Nov_2004\Etelegate\images\securitycode\L.gif --> ftp.zerone-consulting.com /httpdocs/projects/Etelegate_DontDelete/EtelegateBackup_24_Nov_2004/Etelegate/images/securitycode L.gif
2004.12.02 13:36 B E:\Etelegate_DontDelete\EtelegateBackup_24_Nov_2004\Etelegate\images\securitycode\M.gif --> ftp.zerone-consulting.com /httpdocs/projects/Etelegate_DontDelete/EtelegateBackup_24_Nov_2004/Etelegate/images/securitycode M.gif
2004.12.02 13:36 B E:\Etelegate_DontDelete\EtelegateBackup_24_Nov_2004\Etelegate\images\securitycode\N.gif --> ftp.zerone-consulting.com /httpdocs/projects/Etelegate_DontDelete/EtelegateBackup_24_Nov_2004/Etelegate/images/securitycode N.gif
2004.12.02 13:36 B E:\Etelegate_DontDelete\EtelegateBackup_24_Nov_2004\Etelegate\images\securitycode\O.gif --> ftp.zerone-consulting.com /httpdocs/projects/Etelegate_DontDelete/EtelegateBackup_24_Nov_2004/Etelegate/images/securitycode O.gif
2004.12.02 13:36 B E:\Etelegate_DontDelete\EtelegateBackup_24_Nov_2004\Etelegate\images\securitycode\P.gif --> ftp.zerone-consulting.com /httpdocs/projects/Etelegate_DontDelete/EtelegateBackup_24_Nov_2004/Etelegate/images/securitycode P.gif
2004.12.02 13:36 B E:\Etelegate_DontDelete\EtelegateBackup_24_Nov_2004\Etelegate\images\securitycode\Q.gif --> ftp.zerone-consulting.com /httpdocs/projects/Etelegate_DontDelete/EtelegateBackup_24_Nov_2004/Etelegate/images/securitycode Q.gif
2004.12.02 13:36 B E:\Etelegate_DontDelete\EtelegateBackup_24_Nov_2004\Etelegate\images\securitycode\R.gif --> ftp.zerone-consulting.com /httpdocs/projects/Etelegate_DontDelete/EtelegateBackup_24_Nov_2004/Etelegate/images/securitycode R.gif
2004.12.02 13:36 B E:\Etelegate_DontDelete\EtelegateBackup_24_Nov_2004\Etelegate\images\securitycode\S.gif --> ftp.zerone-consulting.com /httpdocs/projects/Etelegate_DontDelete/EtelegateBackup_24_Nov_2004/Etelegate/images/securitycode S.gif
2004.12.02 13:36 B E:\Etelegate_DontDelete\EtelegateBackup_24_Nov_2004\Etelegate\images\securitycode\T.gif --> ftp.zerone-consulting.com /httpdocs/projects/Etelegate_DontDelete/EtelegateBackup_24_Nov_2004/Etelegate/images/securitycode T.gif
2004.12.02 13:36 B E:\Etelegate_DontDelete\EtelegateBackup_24_Nov_2004\Etelegate\images\securitycode\U.gif --> ftp.zerone-consulting.com /httpdocs/projects/Etelegate_DontDelete/EtelegateBackup_24_Nov_2004/Etelegate/images/securitycode U.gif
2004.12.02 13:36 B E:\Etelegate_DontDelete\EtelegateBackup_24_Nov_2004\Etelegate\images\securitycode\V.gif --> ftp.zerone-consulting.com /httpdocs/projects/Etelegate_DontDelete/EtelegateBackup_24_Nov_2004/Etelegate/images/securitycode V.gif
2004.12.02 13:37 B E:\Etelegate_DontDelete\EtelegateBackup_24_Nov_2004\Etelegate\images\securitycode\W.gif --> ftp.zerone-consulting.com /httpdocs/projects/Etelegate_DontDelete/EtelegateBackup_24_Nov_2004/Etelegate/images/securitycode W.gif
2004.12.02 13:37 B E:\Etelegate_DontDelete\EtelegateBackup_24_Nov_2004\Etelegate\images\securitycode\X.gif --> ftp.zerone-consulting.com /httpdocs/projects/Etelegate_DontDelete/EtelegateBackup_24_Nov_2004/Etelegate/images/securitycode X.gif
2004.12.02 13:37 B E:\Etelegate_DontDelete\EtelegateBackup_24_Nov_2004\Etelegate\images\securitycode\Y.gif --> ftp.zerone-consulting.com /httpdocs/projects/Etelegate_DontDelete/EtelegateBackup_24_Nov_2004/Etelegate/images/securitycode Y.gif
2004.12.02 13:37 B E:\Etelegate_DontDelete\EtelegateBackup_24_Nov_2004\Etelegate\images\securitycode\Z.gif --> ftp.zerone-consulting.com /httpdocs/projects/Etelegate_DontDelete/EtelegateBackup_24_Nov_2004/Etelegate/images/securitycode Z.gif
2004.12.02 14:00 B E:\Etelegate_DontDelete\EtelegateBackup_24_Nov_2004\Etelegate\images\securitycode\WS_FTP.LOG --> ftp.zerone-consulting.com /httpdocs/projects/Etelegate_DontDelete/EtelegateBackup_24_Nov_2004/Etelegate/images/securitycode WS_FTP.LOG
