2004.01.30 11:01 B H:\companysetup\scripts\calendar.js <-- sport55 /companysetup/scripts calendar.js
2004.01.30 11:02 B H:\companysetup\scripts\calendar1.js <-- sport55 /companysetup/scripts calendar1.js
2004.01.30 11:02 B H:\companysetup\scripts\general.js <-- sport55 /companysetup/scripts general.js
2004.02.21 19:09 B H:\companysetup\scripts\calendar.js --> ftp.zerone-projects.co.uk /companysetup/scripts calendar.js
2004.02.21 19:09 B H:\companysetup\scripts\calendar1.js --> ftp.zerone-projects.co.uk /companysetup/scripts calendar1.js
2004.02.21 19:09 B H:\companysetup\scripts\general.js --> ftp.zerone-projects.co.uk /companysetup/scripts general.js
2004.02.21 19:09 B H:\companysetup\scripts\WS_FTP.LOG --> ftp.zerone-projects.co.uk /companysetup/scripts WS_FTP.LOG
2004.12.02 14:38 B E:\Etelegate_DontDelete\EtelegateBackup_24_Nov_2004\Etelegate\scripts\calendar.js --> ftp.zerone-consulting.com /httpdocs/projects/Etelegate_DontDelete/EtelegateBackup_24_Nov_2004/Etelegate/scripts calendar.js
2004.12.02 14:38 B E:\Etelegate_DontDelete\EtelegateBackup_24_Nov_2004\Etelegate\scripts\calendar1.js --> ftp.zerone-consulting.com /httpdocs/projects/Etelegate_DontDelete/EtelegateBackup_24_Nov_2004/Etelegate/scripts calendar1.js
2004.12.02 14:39 B E:\Etelegate_DontDelete\EtelegateBackup_24_Nov_2004\Etelegate\scripts\calendar_new.js --> ftp.zerone-consulting.com /httpdocs/projects/Etelegate_DontDelete/EtelegateBackup_24_Nov_2004/Etelegate/scripts calendar_new.js
2004.12.02 14:39 B E:\Etelegate_DontDelete\EtelegateBackup_24_Nov_2004\Etelegate\scripts\general.js --> ftp.zerone-consulting.com /httpdocs/projects/Etelegate_DontDelete/EtelegateBackup_24_Nov_2004/Etelegate/scripts general.js
2004.12.02 14:39 B E:\Etelegate_DontDelete\EtelegateBackup_24_Nov_2004\Etelegate\scripts\hush.js --> ftp.zerone-consulting.com /httpdocs/projects/Etelegate_DontDelete/EtelegateBackup_24_Nov_2004/Etelegate/scripts hush.js
2004.12.02 14:39 B E:\Etelegate_DontDelete\EtelegateBackup_24_Nov_2004\Etelegate\scripts\scroller_hori.js --> ftp.zerone-consulting.com /httpdocs/projects/Etelegate_DontDelete/EtelegateBackup_24_Nov_2004/Etelegate/scripts scroller_hori.js
2004.12.02 14:39 B E:\Etelegate_DontDelete\EtelegateBackup_24_Nov_2004\Etelegate\scripts\sublink.js --> ftp.zerone-consulting.com /httpdocs/projects/Etelegate_DontDelete/EtelegateBackup_24_Nov_2004/Etelegate/scripts sublink.js
2004.12.02 14:39 B E:\Etelegate_DontDelete\EtelegateBackup_24_Nov_2004\Etelegate\scripts\WS_FTP.LOG --> ftp.zerone-consulting.com /httpdocs/projects/Etelegate_DontDelete/EtelegateBackup_24_Nov_2004/Etelegate/scripts WS_FTP.LOG
2005.03.10 17:50 B E:\Etelegate_DontDelete\EtelegateBackup_24_Nov_2004\Etelegate\scripts\calendar.js --> ftp.etelegate.com /scripts calendar.js
2005.03.10 17:50 B E:\Etelegate_DontDelete\EtelegateBackup_24_Nov_2004\Etelegate\scripts\calendar1.js --> ftp.etelegate.com /scripts calendar1.js
2005.03.10 17:50 B E:\Etelegate_DontDelete\EtelegateBackup_24_Nov_2004\Etelegate\scripts\calendar_new.js --> ftp.etelegate.com /scripts calendar_new.js
2005.03.10 17:51 B E:\Etelegate_DontDelete\EtelegateBackup_24_Nov_2004\Etelegate\scripts\general.js --> ftp.etelegate.com /scripts general.js
2005.03.10 17:51 B E:\Etelegate_DontDelete\EtelegateBackup_24_Nov_2004\Etelegate\scripts\hush.js --> ftp.etelegate.com /scripts hush.js
2005.03.10 17:51 B E:\Etelegate_DontDelete\EtelegateBackup_24_Nov_2004\Etelegate\scripts\scroller_hori.js --> ftp.etelegate.com /scripts scroller_hori.js
2005.03.10 17:51 B E:\Etelegate_DontDelete\EtelegateBackup_24_Nov_2004\Etelegate\scripts\sublink.js --> ftp.etelegate.com /scripts sublink.js
