2004.03.18 11:29 B H:\companysetup\images\01.gif --> ftp.zerone-projects.co.uk /companysetup/images 01.gif
2004.03.18 11:29 B H:\companysetup\images\01_ad.gif --> ftp.zerone-projects.co.uk /companysetup/images 01_ad.gif
2004.03.18 11:29 B H:\companysetup\images\01_ser.gif --> ftp.zerone-projects.co.uk /companysetup/images 01_ser.gif
2004.03.18 11:30 B H:\companysetup\images\01_ser1.gif --> ftp.zerone-projects.co.uk /companysetup/images 01_ser1.gif
2004.03.18 11:30 B H:\companysetup\images\01_user.gif --> ftp.zerone-projects.co.uk /companysetup/images 01_user.gif
2004.03.18 11:30 B H:\companysetup\images\01_user1.gif --> ftp.zerone-projects.co.uk /companysetup/images 01_user1.gif
2004.03.18 11:30 B H:\companysetup\images\02.gif --> ftp.zerone-projects.co.uk /companysetup/images 02.gif
2004.03.18 11:30 B H:\companysetup\images\02_ad.gif --> ftp.zerone-projects.co.uk /companysetup/images 02_ad.gif
2004.03.18 11:30 B H:\companysetup\images\02_ser.gif --> ftp.zerone-projects.co.uk /companysetup/images 02_ser.gif
2004.03.18 11:30 B H:\companysetup\images\02_user.gif --> ftp.zerone-projects.co.uk /companysetup/images 02_user.gif
2004.03.18 11:30 B H:\companysetup\images\02_user1.gif --> ftp.zerone-projects.co.uk /companysetup/images 02_user1.gif
2004.03.18 11:30 B H:\companysetup\images\03.gif --> ftp.zerone-projects.co.uk /companysetup/images 03.gif
2004.03.18 11:30 B H:\companysetup\images\03_ad.gif --> ftp.zerone-projects.co.uk /companysetup/images 03_ad.gif
2004.03.18 11:30 B H:\companysetup\images\03_ser.gif --> ftp.zerone-projects.co.uk /companysetup/images 03_ser.gif
2004.03.18 11:30 B H:\companysetup\images\03_user.gif --> ftp.zerone-projects.co.uk /companysetup/images 03_user.gif
2004.03.18 11:30 B H:\companysetup\images\03_user1.gif --> ftp.zerone-projects.co.uk /companysetup/images 03_user1.gif
2004.03.18 11:30 B H:\companysetup\images\04.gif --> ftp.zerone-projects.co.uk /companysetup/images 04.gif
2004.03.18 11:30 B H:\companysetup\images\04_ad.gif --> ftp.zerone-projects.co.uk /companysetup/images 04_ad.gif
2004.03.18 11:30 B H:\companysetup\images\04_user.gif --> ftp.zerone-projects.co.uk /companysetup/images 04_user.gif
2004.03.18 11:30 B H:\companysetup\images\04_user1.gif --> ftp.zerone-projects.co.uk /companysetup/images 04_user1.gif
2004.03.18 11:30 B H:\companysetup\images\05.gif --> ftp.zerone-projects.co.uk /companysetup/images 05.gif
2004.03.18 11:30 B H:\companysetup\images\05_ad.gif --> ftp.zerone-projects.co.uk /companysetup/images 05_ad.gif
2004.03.18 11:30 B H:\companysetup\images\05_user.gif --> ftp.zerone-projects.co.uk /companysetup/images 05_user.gif
2004.03.18 11:30 B H:\companysetup\images\05_user1.gif --> ftp.zerone-projects.co.uk /companysetup/images 05_user1.gif
2004.03.18 11:30 B H:\companysetup\images\06.gif --> ftp.zerone-projects.co.uk /companysetup/images 06.gif
2004.03.18 11:30 B H:\companysetup\images\06_ad.gif --> ftp.zerone-projects.co.uk /companysetup/images 06_ad.gif
2004.03.18 11:30 B H:\companysetup\images\06_user.gif --> ftp.zerone-projects.co.uk /companysetup/images 06_user.gif
2004.03.18 11:30 B H:\companysetup\images\06_user1.gif --> ftp.zerone-projects.co.uk /companysetup/images 06_user1.gif
2004.03.18 11:30 B H:\companysetup\images\07_ad.gif --> ftp.zerone-projects.co.uk /companysetup/images 07_ad.gif
2004.03.18 11:30 B H:\companysetup\images\07_user1.gif --> ftp.zerone-projects.co.uk /companysetup/images 07_user1.gif
2004.03.18 11:30 B H:\companysetup\images\08_ad.gif --> ftp.zerone-projects.co.uk /companysetup/images 08_ad.gif
2004.03.18 11:30 B H:\companysetup\images\09_ad.gif --> ftp.zerone-projects.co.uk /companysetup/images 09_ad.gif
2004.03.18 11:30 B H:\companysetup\images\addCompany.jpg --> ftp.zerone-projects.co.uk /companysetup/images addCompany.jpg
2004.03.18 11:30 B H:\companysetup\images\admin.gif --> ftp.zerone-projects.co.uk /companysetup/images admin.gif
2004.03.18 11:31 B H:\companysetup\images\arrow.gif --> ftp.zerone-projects.co.uk /companysetup/images arrow.gif
2004.03.18 11:31 B H:\companysetup\images\back.jpg --> ftp.zerone-projects.co.uk /companysetup/images back.jpg
2004.03.18 11:31 B H:\companysetup\images\break.gif --> ftp.zerone-projects.co.uk /companysetup/images break.gif
2004.03.18 11:31 B H:\companysetup\images\callback.jpg --> ftp.zerone-projects.co.uk /companysetup/images callback.jpg
2004.03.18 11:31 B H:\companysetup\images\cancel.jpg --> ftp.zerone-projects.co.uk /companysetup/images cancel.jpg
2004.03.18 11:31 B H:\companysetup\images\canceltransaction.jpg --> ftp.zerone-projects.co.uk /companysetup/images canceltransaction.jpg
2004.03.18 11:31 B H:\companysetup\images\changepassword.gif --> ftp.zerone-projects.co.uk /companysetup/images changepassword.gif
2004.03.18 11:31 B H:\companysetup\images\companies.gif --> ftp.zerone-projects.co.uk /companysetup/images companies.gif
2004.03.18 11:31 B H:\companysetup\images\cust_ser.gif --> ftp.zerone-projects.co.uk /companysetup/images cust_ser.gif
2004.03.18 11:31 B H:\companysetup\images\delete.jpg --> ftp.zerone-projects.co.uk /companysetup/images delete.jpg
2004.03.18 11:31 B H:\companysetup\images\download.jpg --> ftp.zerone-projects.co.uk /companysetup/images download.jpg
2004.03.18 11:31 B H:\companysetup\images\emailreminder.jpg --> ftp.zerone-projects.co.uk /companysetup/images emailreminder.jpg
2004.03.18 11:31 B H:\companysetup\images\exportfile.jpg --> ftp.zerone-projects.co.uk /companysetup/images exportfile.jpg
2004.03.18 11:31 B H:\companysetup\images\ledgers.gif --> ftp.zerone-projects.co.uk /companysetup/images ledgers.gif
2004.03.18 11:31 B H:\companysetup\images\left2.jpe --> ftp.zerone-projects.co.uk /companysetup/images left2.jpe
2004.03.18 11:31 B H:\companysetup\images\login.jpg --> ftp.zerone-projects.co.uk /companysetup/images login.jpg
2004.03.18 11:31 B H:\companysetup\images\loginbg.jpg --> ftp.zerone-projects.co.uk /companysetup/images loginbg.jpg
2004.03.18 11:31 B H:\companysetup\images\logo.jpg --> ftp.zerone-projects.co.uk /companysetup/images logo.jpg
2004.03.18 11:31 B H:\companysetup\images\logout.gif --> ftp.zerone-projects.co.uk /companysetup/images logout.gif
2004.03.18 11:31 B H:\companysetup\images\mail.gif --> ftp.zerone-projects.co.uk /companysetup/images mail.gif
2004.03.18 11:31 B H:\companysetup\images\menubtmbg.gif --> ftp.zerone-projects.co.uk /companysetup/images menubtmbg.gif
2004.03.18 11:31 B H:\companysetup\images\menubtmcenter.gif --> ftp.zerone-projects.co.uk /companysetup/images menubtmcenter.gif
2004.03.18 11:31 B H:\companysetup\images\menubtmleft.gif --> ftp.zerone-projects.co.uk /companysetup/images menubtmleft.gif
2004.03.18 11:31 B H:\companysetup\images\menubtmright.gif --> ftp.zerone-projects.co.uk /companysetup/images menubtmright.gif
2004.03.18 11:31 B H:\companysetup\images\menucenterbg.gif --> ftp.zerone-projects.co.uk /companysetup/images menucenterbg.gif
2004.03.18 11:31 B H:\companysetup\images\menuright.gif --> ftp.zerone-projects.co.uk /companysetup/images menuright.gif
2004.03.18 11:31 B H:\companysetup\images\menutopbg.gif --> ftp.zerone-projects.co.uk /companysetup/images menutopbg.gif
2004.03.18 11:31 B H:\companysetup\images\menutopcurve.gif --> ftp.zerone-projects.co.uk /companysetup/images menutopcurve.gif
2004.03.18 11:31 B H:\companysetup\images\menutopleft.gif --> ftp.zerone-projects.co.uk /companysetup/images menutopleft.gif
2004.03.18 11:31 B H:\companysetup\images\menutoprightbg.gif --> ftp.zerone-projects.co.uk /companysetup/images menutoprightbg.gif
2004.03.18 11:31 B H:\companysetup\images\midbg.gif --> ftp.zerone-projects.co.uk /companysetup/images midbg.gif
2004.03.18 11:31 B H:\companysetup\images\midleft.gif --> ftp.zerone-projects.co.uk /companysetup/images midleft.gif
2004.03.18 11:32 B H:\companysetup\images\midright.gif --> ftp.zerone-projects.co.uk /companysetup/images midright.gif
2004.03.18 11:32 B H:\companysetup\images\modifycompanydetails.jpg --> ftp.zerone-projects.co.uk /companysetup/images modifycompanydetails.jpg
2004.03.18 11:32 B H:\companysetup\images\negativedatabse.gif --> ftp.zerone-projects.co.uk /companysetup/images negativedatabse.gif
2004.03.18 11:32 B H:\companysetup\images\print.jpg --> ftp.zerone-projects.co.uk /companysetup/images print.jpg
2004.03.18 11:32 B H:\companysetup\images\printemails.gif --> ftp.zerone-projects.co.uk /companysetup/images printemails.gif
2004.03.18 11:32 B H:\companysetup\images\printlettertemplate.jpg --> ftp.zerone-projects.co.uk /companysetup/images printlettertemplate.jpg
2004.03.18 11:32 B H:\companysetup\images\profile.gif --> ftp.zerone-projects.co.uk /companysetup/images profile.gif
2004.03.18 11:32 B H:\companysetup\images\search.gif --> ftp.zerone-projects.co.uk /companysetup/images search.gif
2004.03.18 11:32 B H:\companysetup\images\send.jpg --> ftp.zerone-projects.co.uk /companysetup/images send.jpg
2004.03.18 11:32 B H:\companysetup\images\shipping.gif --> ftp.zerone-projects.co.uk /companysetup/images shipping.gif
2004.03.18 11:32 B H:\companysetup\images\showpreviuoscalls.jpg --> ftp.zerone-projects.co.uk /companysetup/images showpreviuoscalls.jpg
2004.03.18 11:32 B H:\companysetup\images\spacer.gif --> ftp.zerone-projects.co.uk /companysetup/images spacer.gif
2004.03.18 11:32 B H:\companysetup\images\submit.jpg --> ftp.zerone-projects.co.uk /companysetup/images submit.jpg
2004.03.18 11:32 B H:\companysetup\images\submitcompanydetails.jpg --> ftp.zerone-projects.co.uk /companysetup/images submitcompanydetails.jpg
2004.03.18 11:32 B H:\companysetup\images\top1.jpg --> ftp.zerone-projects.co.uk /companysetup/images top1.jpg
2004.03.18 11:32 B H:\companysetup\images\top2.jpg --> ftp.zerone-projects.co.uk /companysetup/images top2.jpg
2004.03.18 11:32 B H:\companysetup\images\top3.jpg --> ftp.zerone-projects.co.uk /companysetup/images top3.jpg
2004.03.18 11:32 B H:\companysetup\images\top4.jpg --> ftp.zerone-projects.co.uk /companysetup/images top4.jpg
2004.03.18 11:32 B H:\companysetup\images\top5.jpg --> ftp.zerone-projects.co.uk /companysetup/images top5.jpg
2004.03.18 11:32 B H:\companysetup\images\top6.jpg --> ftp.zerone-projects.co.uk /companysetup/images top6.jpg
2004.03.18 11:32 B H:\companysetup\images\transactions.gif --> ftp.zerone-projects.co.uk /companysetup/images transactions.gif
2004.03.18 11:32 B H:\companysetup\images\upload.jpg --> ftp.zerone-projects.co.uk /companysetup/images upload.jpg
2004.03.18 11:32 B H:\companysetup\images\uploadattachment.gif --> ftp.zerone-projects.co.uk /companysetup/images uploadattachment.gif
2004.03.18 11:32 B H:\companysetup\images\uploadattachment.jpg --> ftp.zerone-projects.co.uk /companysetup/images uploadattachment.jpg
2004.03.18 11:32 B H:\companysetup\images\view.jpg --> ftp.zerone-projects.co.uk /companysetup/images view.jpg
2004.03.18 11:32 B H:\companysetup\images\viewemail.gif --> ftp.zerone-projects.co.uk /companysetup/images viewemail.gif
2004.03.18 11:32 B H:\companysetup\images\virtualterminal.gif --> ftp.zerone-projects.co.uk /companysetup/images virtualterminal.gif
2004.03.18 11:33 B H:\companysetup\images\voicesystem.gif --> ftp.zerone-projects.co.uk /companysetup/images voicesystem.gif
2004.12.02 13:37 B E:\Etelegate_DontDelete\EtelegateBackup_24_Nov_2004\Etelegate\images\01.gif --> ftp.zerone-consulting.com /httpdocs/projects/Etelegate_DontDelete/EtelegateBackup_24_Nov_2004/Etelegate/images 01.gif
2004.12.02 13:37 B E:\Etelegate_DontDelete\EtelegateBackup_24_Nov_2004\Etelegate\images\01_ad.gif --> ftp.zerone-consulting.com /httpdocs/projects/Etelegate_DontDelete/EtelegateBackup_24_Nov_2004/Etelegate/images 01_ad.gif
2004.12.02 13:37 B E:\Etelegate_DontDelete\EtelegateBackup_24_Nov_2004\Etelegate\images\01_ad_gt.gif --> ftp.zerone-consulting.com /httpdocs/projects/Etelegate_DontDelete/EtelegateBackup_24_Nov_2004/Etelegate/images 01_ad_gt.gif
2004.12.02 13:37 B E:\Etelegate_DontDelete\EtelegateBackup_24_Nov_2004\Etelegate\images\01_call.gif --> ftp.zerone-consulting.com /httpdocs/projects/Etelegate_DontDelete/EtelegateBackup_24_Nov_2004/Etelegate/images 01_call.gif
2004.12.02 13:37 B E:\Etelegate_DontDelete\EtelegateBackup_24_Nov_2004\Etelegate\images\01_mer.gif --> ftp.zerone-consulting.com /httpdocs/projects/Etelegate_DontDelete/EtelegateBackup_24_Nov_2004/Etelegate/images 01_mer.gif
2004.12.02 13:37 B E:\Etelegate_DontDelete\EtelegateBackup_24_Nov_2004\Etelegate\images\01_res.gif --> ftp.zerone-consulting.com /httpdocs/projects/Etelegate_DontDelete/EtelegateBackup_24_Nov_2004/Etelegate/images 01_res.gif
2004.12.02 13:37 B E:\Etelegate_DontDelete\EtelegateBackup_24_Nov_2004\Etelegate\images\01_res_a.gif --> ftp.zerone-consulting.com /httpdocs/projects/Etelegate_DontDelete/EtelegateBackup_24_Nov_2004/Etelegate/images 01_res_a.gif
2004.12.02 13:37 B E:\Etelegate_DontDelete\EtelegateBackup_24_Nov_2004\Etelegate\images\01_ser.gif --> ftp.zerone-consulting.com /httpdocs/projects/Etelegate_DontDelete/EtelegateBackup_24_Nov_2004/Etelegate/images 01_ser.gif
2004.12.02 13:37 B E:\Etelegate_DontDelete\EtelegateBackup_24_Nov_2004\Etelegate\images\01_ser1.gif --> ftp.zerone-consulting.com /httpdocs/projects/Etelegate_DontDelete/EtelegateBackup_24_Nov_2004/Etelegate/images 01_ser1.gif
2004.12.02 13:37 B E:\Etelegate_DontDelete\EtelegateBackup_24_Nov_2004\Etelegate\images\01_tele.gif --> ftp.zerone-consulting.com /httpdocs/projects/Etelegate_DontDelete/EtelegateBackup_24_Nov_2004/Etelegate/images 01_tele.gif
2004.12.02 13:37 B E:\Etelegate_DontDelete\EtelegateBackup_24_Nov_2004\Etelegate\images\01_tele1.gif --> ftp.zerone-consulting.com /httpdocs/projects/Etelegate_DontDelete/EtelegateBackup_24_Nov_2004/Etelegate/images 01_tele1.gif
2004.12.02 13:37 B E:\Etelegate_DontDelete\EtelegateBackup_24_Nov_2004\Etelegate\images\01_test.gif --> ftp.zerone-consulting.com /httpdocs/projects/Etelegate_DontDelete/EtelegateBackup_24_Nov_2004/Etelegate/images 01_test.gif
2004.12.02 13:37 B E:\Etelegate_DontDelete\EtelegateBackup_24_Nov_2004\Etelegate\images\01_tsr.gif --> ftp.zerone-consulting.com /httpdocs/projects/Etelegate_DontDelete/EtelegateBackup_24_Nov_2004/Etelegate/images 01_tsr.gif
2004.12.02 13:37 B E:\Etelegate_DontDelete\EtelegateBackup_24_Nov_2004\Etelegate\images\01_user.gif --> ftp.zerone-consulting.com /httpdocs/projects/Etelegate_DontDelete/EtelegateBackup_24_Nov_2004/Etelegate/images 01_user.gif
2004.12.02 13:37 B E:\Etelegate_DontDelete\EtelegateBackup_24_Nov_2004\Etelegate\images\01_user1.gif --> ftp.zerone-consulting.com /httpdocs/projects/Etelegate_DontDelete/EtelegateBackup_24_Nov_2004/Etelegate/images 01_user1.gif
2004.12.02 13:37 B E:\Etelegate_DontDelete\EtelegateBackup_24_Nov_2004\Etelegate\images\02.gif --> ftp.zerone-consulting.com /httpdocs/projects/Etelegate_DontDelete/EtelegateBackup_24_Nov_2004/Etelegate/images 02.gif
2004.12.02 13:37 B E:\Etelegate_DontDelete\EtelegateBackup_24_Nov_2004\Etelegate\images\02_ad.gif --> ftp.zerone-consulting.com /httpdocs/projects/Etelegate_DontDelete/EtelegateBackup_24_Nov_2004/Etelegate/images 02_ad.gif
2004.12.02 13:37 B E:\Etelegate_DontDelete\EtelegateBackup_24_Nov_2004\Etelegate\images\02_ad_gt.gif --> ftp.zerone-consulting.com /httpdocs/projects/Etelegate_DontDelete/EtelegateBackup_24_Nov_2004/Etelegate/images 02_ad_gt.gif
2004.12.02 13:37 B E:\Etelegate_DontDelete\EtelegateBackup_24_Nov_2004\Etelegate\images\02_call.gif --> ftp.zerone-consulting.com /httpdocs/projects/Etelegate_DontDelete/EtelegateBackup_24_Nov_2004/Etelegate/images 02_call.gif
2004.12.02 13:37 B E:\Etelegate_DontDelete\EtelegateBackup_24_Nov_2004\Etelegate\images\02_mer.gif --> ftp.zerone-consulting.com /httpdocs/projects/Etelegate_DontDelete/EtelegateBackup_24_Nov_2004/Etelegate/images 02_mer.gif
2004.12.02 13:37 B E:\Etelegate_DontDelete\EtelegateBackup_24_Nov_2004\Etelegate\images\02_res.gif --> ftp.zerone-consulting.com /httpdocs/projects/Etelegate_DontDelete/EtelegateBackup_24_Nov_2004/Etelegate/images 02_res.gif
2004.12.02 13:37 B E:\Etelegate_DontDelete\EtelegateBackup_24_Nov_2004\Etelegate\images\02_res_a.gif --> ftp.zerone-consulting.com /httpdocs/projects/Etelegate_DontDelete/EtelegateBackup_24_Nov_2004/Etelegate/images 02_res_a.gif
2004.12.02 13:37 B E:\Etelegate_DontDelete\EtelegateBackup_24_Nov_2004\Etelegate\images\02_ser.gif --> ftp.zerone-consulting.com /httpdocs/projects/Etelegate_DontDelete/EtelegateBackup_24_Nov_2004/Etelegate/images 02_ser.gif
2004.12.02 13:37 B E:\Etelegate_DontDelete\EtelegateBackup_24_Nov_2004\Etelegate\images\02_tele.gif --> ftp.zerone-consulting.com /httpdocs/projects/Etelegate_DontDelete/EtelegateBackup_24_Nov_2004/Etelegate/images 02_tele.gif
2004.12.02 13:37 B E:\Etelegate_DontDelete\EtelegateBackup_24_Nov_2004\Etelegate\images\02_tele1.gif --> ftp.zerone-consulting.com /httpdocs/projects/Etelegate_DontDelete/EtelegateBackup_24_Nov_2004/Etelegate/images 02_tele1.gif
2004.12.02 13:37 B E:\Etelegate_DontDelete\EtelegateBackup_24_Nov_2004\Etelegate\images\02_test.gif --> ftp.zerone-consulting.com /httpdocs/projects/Etelegate_DontDelete/EtelegateBackup_24_Nov_2004/Etelegate/images 02_test.gif
2004.12.02 13:38 B E:\Etelegate_DontDelete\EtelegateBackup_24_Nov_2004\Etelegate\images\02_tsr.gif --> ftp.zerone-consulting.com /httpdocs/projects/Etelegate_DontDelete/EtelegateBackup_24_Nov_2004/Etelegate/images 02_tsr.gif
2004.12.02 13:38 B E:\Etelegate_DontDelete\EtelegateBackup_24_Nov_2004\Etelegate\images\02_user.gif --> ftp.zerone-consulting.com /httpdocs/projects/Etelegate_DontDelete/EtelegateBackup_24_Nov_2004/Etelegate/images 02_user.gif
2004.12.02 13:38 B E:\Etelegate_DontDelete\EtelegateBackup_24_Nov_2004\Etelegate\images\02_user1.gif --> ftp.zerone-consulting.com /httpdocs/projects/Etelegate_DontDelete/EtelegateBackup_24_Nov_2004/Etelegate/images 02_user1.gif
2004.12.02 13:38 B E:\Etelegate_DontDelete\EtelegateBackup_24_Nov_2004\Etelegate\images\03.gif --> ftp.zerone-consulting.com /httpdocs/projects/Etelegate_DontDelete/EtelegateBackup_24_Nov_2004/Etelegate/images 03.gif
2004.12.02 13:38 B E:\Etelegate_DontDelete\EtelegateBackup_24_Nov_2004\Etelegate\images\03_ad.gif --> ftp.zerone-consulting.com /httpdocs/projects/Etelegate_DontDelete/EtelegateBackup_24_Nov_2004/Etelegate/images 03_ad.gif
2004.12.02 13:38 B E:\Etelegate_DontDelete\EtelegateBackup_24_Nov_2004\Etelegate\images\03_ad_gt.gif --> ftp.zerone-consulting.com /httpdocs/projects/Etelegate_DontDelete/EtelegateBackup_24_Nov_2004/Etelegate/images 03_ad_gt.gif
2004.12.02 13:38 B E:\Etelegate_DontDelete\EtelegateBackup_24_Nov_2004\Etelegate\images\03_call.gif --> ftp.zerone-consulting.com /httpdocs/projects/Etelegate_DontDelete/EtelegateBackup_24_Nov_2004/Etelegate/images 03_call.gif
2004.12.02 13:38 B E:\Etelegate_DontDelete\EtelegateBackup_24_Nov_2004\Etelegate\images\03_res.gif --> ftp.zerone-consulting.com /httpdocs/projects/Etelegate_DontDelete/EtelegateBackup_24_Nov_2004/Etelegate/images 03_res.gif
2004.12.02 13:38 B E:\Etelegate_DontDelete\EtelegateBackup_24_Nov_2004\Etelegate\images\03_res_a.gif --> ftp.zerone-consulting.com /httpdocs/projects/Etelegate_DontDelete/EtelegateBackup_24_Nov_2004/Etelegate/images 03_res_a.gif
2004.12.02 13:38 B E:\Etelegate_DontDelete\EtelegateBackup_24_Nov_2004\Etelegate\images\03_ser.gif --> ftp.zerone-consulting.com /httpdocs/projects/Etelegate_DontDelete/EtelegateBackup_24_Nov_2004/Etelegate/images 03_ser.gif
2004.12.02 13:38 B E:\Etelegate_DontDelete\EtelegateBackup_24_Nov_2004\Etelegate\images\03_tele.gif --> ftp.zerone-consulting.com /httpdocs/projects/Etelegate_DontDelete/EtelegateBackup_24_Nov_2004/Etelegate/images 03_tele.gif
2004.12.02 13:38 B E:\Etelegate_DontDelete\EtelegateBackup_24_Nov_2004\Etelegate\images\03_tele1.gif --> ftp.zerone-consulting.com /httpdocs/projects/Etelegate_DontDelete/EtelegateBackup_24_Nov_2004/Etelegate/images 03_tele1.gif
2004.12.02 13:38 B E:\Etelegate_DontDelete\EtelegateBackup_24_Nov_2004\Etelegate\images\03_test.gif --> ftp.zerone-consulting.com /httpdocs/projects/Etelegate_DontDelete/EtelegateBackup_24_Nov_2004/Etelegate/images 03_test.gif
2004.12.02 13:38 B E:\Etelegate_DontDelete\EtelegateBackup_24_Nov_2004\Etelegate\images\03_tsr.gif --> ftp.zerone-consulting.com /httpdocs/projects/Etelegate_DontDelete/EtelegateBackup_24_Nov_2004/Etelegate/images 03_tsr.gif
2004.12.02 13:38 B E:\Etelegate_DontDelete\EtelegateBackup_24_Nov_2004\Etelegate\images\03_user.gif --> ftp.zerone-consulting.com /httpdocs/projects/Etelegate_DontDelete/EtelegateBackup_24_Nov_2004/Etelegate/images 03_user.gif
2004.12.02 13:38 B E:\Etelegate_DontDelete\EtelegateBackup_24_Nov_2004\Etelegate\images\03_user1.gif --> ftp.zerone-consulting.com /httpdocs/projects/Etelegate_DontDelete/EtelegateBackup_24_Nov_2004/Etelegate/images 03_user1.gif
2004.12.02 13:38 B E:\Etelegate_DontDelete\EtelegateBackup_24_Nov_2004\Etelegate\images\04.gif --> ftp.zerone-consulting.com /httpdocs/projects/Etelegate_DontDelete/EtelegateBackup_24_Nov_2004/Etelegate/images 04.gif
2004.12.02 13:38 B E:\Etelegate_DontDelete\EtelegateBackup_24_Nov_2004\Etelegate\images\04_ad.gif --> ftp.zerone-consulting.com /httpdocs/projects/Etelegate_DontDelete/EtelegateBackup_24_Nov_2004/Etelegate/images 04_ad.gif
2004.12.02 13:38 B E:\Etelegate_DontDelete\EtelegateBackup_24_Nov_2004\Etelegate\images\04_ad_gt.gif --> ftp.zerone-consulting.com /httpdocs/projects/Etelegate_DontDelete/EtelegateBackup_24_Nov_2004/Etelegate/images 04_ad_gt.gif
2004.12.02 13:38 B E:\Etelegate_DontDelete\EtelegateBackup_24_Nov_2004\Etelegate\images\04_call.gif --> ftp.zerone-consulting.com /httpdocs/projects/Etelegate_DontDelete/EtelegateBackup_24_Nov_2004/Etelegate/images 04_call.gif
2004.12.02 13:38 B E:\Etelegate_DontDelete\EtelegateBackup_24_Nov_2004\Etelegate\images\04_res.gif --> ftp.zerone-consulting.com /httpdocs/projects/Etelegate_DontDelete/EtelegateBackup_24_Nov_2004/Etelegate/images 04_res.gif
2004.12.02 13:38 B E:\Etelegate_DontDelete\EtelegateBackup_24_Nov_2004\Etelegate\images\04_res_a.gif --> ftp.zerone-consulting.com /httpdocs/projects/Etelegate_DontDelete/EtelegateBackup_24_Nov_2004/Etelegate/images 04_res_a.gif
2004.12.02 13:38 B E:\Etelegate_DontDelete\EtelegateBackup_24_Nov_2004\Etelegate\images\04_tele.gif --> ftp.zerone-consulting.com /httpdocs/projects/Etelegate_DontDelete/EtelegateBackup_24_Nov_2004/Etelegate/images 04_tele.gif
2004.12.02 13:38 B E:\Etelegate_DontDelete\EtelegateBackup_24_Nov_2004\Etelegate\images\04_tele1.gif --> ftp.zerone-consulting.com /httpdocs/projects/Etelegate_DontDelete/EtelegateBackup_24_Nov_2004/Etelegate/images 04_tele1.gif
2004.12.02 13:38 B E:\Etelegate_DontDelete\EtelegateBackup_24_Nov_2004\Etelegate\images\04_test.gif --> ftp.zerone-consulting.com /httpdocs/projects/Etelegate_DontDelete/EtelegateBackup_24_Nov_2004/Etelegate/images 04_test.gif
2004.12.02 13:38 B E:\Etelegate_DontDelete\EtelegateBackup_24_Nov_2004\Etelegate\images\04_tsr.gif --> ftp.zerone-consulting.com /httpdocs/projects/Etelegate_DontDelete/EtelegateBackup_24_Nov_2004/Etelegate/images 04_tsr.gif
2004.12.02 13:38 B E:\Etelegate_DontDelete\EtelegateBackup_24_Nov_2004\Etelegate\images\04_user.gif --> ftp.zerone-consulting.com /httpdocs/projects/Etelegate_DontDelete/EtelegateBackup_24_Nov_2004/Etelegate/images 04_user.gif
2004.12.02 13:38 B E:\Etelegate_DontDelete\EtelegateBackup_24_Nov_2004\Etelegate\images\04_user1.gif --> ftp.zerone-consulting.com /httpdocs/projects/Etelegate_DontDelete/EtelegateBackup_24_Nov_2004/Etelegate/images 04_user1.gif
2004.12.02 13:38 B E:\Etelegate_DontDelete\EtelegateBackup_24_Nov_2004\Etelegate\images\04_user2.gif --> ftp.zerone-consulting.com /httpdocs/projects/Etelegate_DontDelete/EtelegateBackup_24_Nov_2004/Etelegate/images 04_user2.gif
2004.12.02 13:38 B E:\Etelegate_DontDelete\EtelegateBackup_24_Nov_2004\Etelegate\images\05.gif --> ftp.zerone-consulting.com /httpdocs/projects/Etelegate_DontDelete/EtelegateBackup_24_Nov_2004/Etelegate/images 05.gif
2004.12.02 13:38 B E:\Etelegate_DontDelete\EtelegateBackup_24_Nov_2004\Etelegate\images\05_ad.gif --> ftp.zerone-consulting.com /httpdocs/projects/Etelegate_DontDelete/EtelegateBackup_24_Nov_2004/Etelegate/images 05_ad.gif
2004.12.02 13:38 B E:\Etelegate_DontDelete\EtelegateBackup_24_Nov_2004\Etelegate\images\05_ad_gt.gif --> ftp.zerone-consulting.com /httpdocs/projects/Etelegate_DontDelete/EtelegateBackup_24_Nov_2004/Etelegate/images 05_ad_gt.gif
2004.12.02 13:39 B E:\Etelegate_DontDelete\EtelegateBackup_24_Nov_2004\Etelegate\images\05_call.gif --> ftp.zerone-consulting.com /httpdocs/projects/Etelegate_DontDelete/EtelegateBackup_24_Nov_2004/Etelegate/images 05_call.gif
2004.12.02 13:39 B E:\Etelegate_DontDelete\EtelegateBackup_24_Nov_2004\Etelegate\images\05_res.gif --> ftp.zerone-consulting.com /httpdocs/projects/Etelegate_DontDelete/EtelegateBackup_24_Nov_2004/Etelegate/images 05_res.gif
2004.12.02 13:39 B E:\Etelegate_DontDelete\EtelegateBackup_24_Nov_2004\Etelegate\images\05_tele.gif --> ftp.zerone-consulting.com /httpdocs/projects/Etelegate_DontDelete/EtelegateBackup_24_Nov_2004/Etelegate/images 05_tele.gif
2004.12.02 13:39 B E:\Etelegate_DontDelete\EtelegateBackup_24_Nov_2004\Etelegate\images\05_tele1.gif --> ftp.zerone-consulting.com /httpdocs/projects/Etelegate_DontDelete/EtelegateBackup_24_Nov_2004/Etelegate/images 05_tele1.gif
2004.12.02 13:39 B E:\Etelegate_DontDelete\EtelegateBackup_24_Nov_2004\Etelegate\images\05_test.gif --> ftp.zerone-consulting.com /httpdocs/projects/Etelegate_DontDelete/EtelegateBackup_24_Nov_2004/Etelegate/images 05_test.gif
2004.12.02 13:39 B E:\Etelegate_DontDelete\EtelegateBackup_24_Nov_2004\Etelegate\images\05_test_ns.gif --> ftp.zerone-consulting.com /httpdocs/projects/Etelegate_DontDelete/EtelegateBackup_24_Nov_2004/Etelegate/images 05_test_ns.gif
2004.12.02 13:39 B E:\Etelegate_DontDelete\EtelegateBackup_24_Nov_2004\Etelegate\images\05_tsr.gif --> ftp.zerone-consulting.com /httpdocs/projects/Etelegate_DontDelete/EtelegateBackup_24_Nov_2004/Etelegate/images 05_tsr.gif
2004.12.02 13:39 B E:\Etelegate_DontDelete\EtelegateBackup_24_Nov_2004\Etelegate\images\05_user.gif --> ftp.zerone-consulting.com /httpdocs/projects/Etelegate_DontDelete/EtelegateBackup_24_Nov_2004/Etelegate/images 05_user.gif
2004.12.02 13:39 B E:\Etelegate_DontDelete\EtelegateBackup_24_Nov_2004\Etelegate\images\05_user1.gif --> ftp.zerone-consulting.com /httpdocs/projects/Etelegate_DontDelete/EtelegateBackup_24_Nov_2004/Etelegate/images 05_user1.gif
2004.12.02 13:39 B E:\Etelegate_DontDelete\EtelegateBackup_24_Nov_2004\Etelegate\images\05_user2.gif --> ftp.zerone-consulting.com /httpdocs/projects/Etelegate_DontDelete/EtelegateBackup_24_Nov_2004/Etelegate/images 05_user2.gif
2004.12.02 13:39 B E:\Etelegate_DontDelete\EtelegateBackup_24_Nov_2004\Etelegate\images\06.gif --> ftp.zerone-consulting.com /httpdocs/projects/Etelegate_DontDelete/EtelegateBackup_24_Nov_2004/Etelegate/images 06.gif
2004.12.02 13:39 B E:\Etelegate_DontDelete\EtelegateBackup_24_Nov_2004\Etelegate\images\06_ad.gif --> ftp.zerone-consulting.com /httpdocs/projects/Etelegate_DontDelete/EtelegateBackup_24_Nov_2004/Etelegate/images 06_ad.gif
2004.12.02 13:39 B E:\Etelegate_DontDelete\EtelegateBackup_24_Nov_2004\Etelegate\images\06_ad_gt.gif --> ftp.zerone-consulting.com /httpdocs/projects/Etelegate_DontDelete/EtelegateBackup_24_Nov_2004/Etelegate/images 06_ad_gt.gif
2004.12.02 13:39 B E:\Etelegate_DontDelete\EtelegateBackup_24_Nov_2004\Etelegate\images\06_ad_new.gif --> ftp.zerone-consulting.com /httpdocs/projects/Etelegate_DontDelete/EtelegateBackup_24_Nov_2004/Etelegate/images 06_ad_new.gif
2004.12.02 13:39 B E:\Etelegate_DontDelete\EtelegateBackup_24_Nov_2004\Etelegate\images\06_call.gif --> ftp.zerone-consulting.com /httpdocs/projects/Etelegate_DontDelete/EtelegateBackup_24_Nov_2004/Etelegate/images 06_call.gif
2004.12.02 13:39 B E:\Etelegate_DontDelete\EtelegateBackup_24_Nov_2004\Etelegate\images\06_tele.gif --> ftp.zerone-consulting.com /httpdocs/projects/Etelegate_DontDelete/EtelegateBackup_24_Nov_2004/Etelegate/images 06_tele.gif
2004.12.02 13:39 B E:\Etelegate_DontDelete\EtelegateBackup_24_Nov_2004\Etelegate\images\06_tele1.gif --> ftp.zerone-consulting.com /httpdocs/projects/Etelegate_DontDelete/EtelegateBackup_24_Nov_2004/Etelegate/images 06_tele1.gif
2004.12.02 13:39 B E:\Etelegate_DontDelete\EtelegateBackup_24_Nov_2004\Etelegate\images\06_test.gif --> ftp.zerone-consulting.com /httpdocs/projects/Etelegate_DontDelete/EtelegateBackup_24_Nov_2004/Etelegate/images 06_test.gif
2004.12.02 13:39 B E:\Etelegate_DontDelete\EtelegateBackup_24_Nov_2004\Etelegate\images\06_test_ns.gif --> ftp.zerone-consulting.com /httpdocs/projects/Etelegate_DontDelete/EtelegateBackup_24_Nov_2004/Etelegate/images 06_test_ns.gif
2004.12.02 13:39 B E:\Etelegate_DontDelete\EtelegateBackup_24_Nov_2004\Etelegate\images\06_user.gif --> ftp.zerone-consulting.com /httpdocs/projects/Etelegate_DontDelete/EtelegateBackup_24_Nov_2004/Etelegate/images 06_user.gif
2004.12.02 13:39 B E:\Etelegate_DontDelete\EtelegateBackup_24_Nov_2004\Etelegate\images\06_user1.gif --> ftp.zerone-consulting.com /httpdocs/projects/Etelegate_DontDelete/EtelegateBackup_24_Nov_2004/Etelegate/images 06_user1.gif
2004.12.02 13:39 B E:\Etelegate_DontDelete\EtelegateBackup_24_Nov_2004\Etelegate\images\06_user2.gif --> ftp.zerone-consulting.com /httpdocs/projects/Etelegate_DontDelete/EtelegateBackup_24_Nov_2004/Etelegate/images 06_user2.gif
2004.12.02 13:39 B E:\Etelegate_DontDelete\EtelegateBackup_24_Nov_2004\Etelegate\images\07_ad.gif --> ftp.zerone-consulting.com /httpdocs/projects/Etelegate_DontDelete/EtelegateBackup_24_Nov_2004/Etelegate/images 07_ad.gif
2004.12.02 13:39 B E:\Etelegate_DontDelete\EtelegateBackup_24_Nov_2004\Etelegate\images\07_ad_gt.gif --> ftp.zerone-consulting.com /httpdocs/projects/Etelegate_DontDelete/EtelegateBackup_24_Nov_2004/Etelegate/images 07_ad_gt.gif
2004.12.02 13:39 B E:\Etelegate_DontDelete\EtelegateBackup_24_Nov_2004\Etelegate\images\07_ad_new.gif --> ftp.zerone-consulting.com /httpdocs/projects/Etelegate_DontDelete/EtelegateBackup_24_Nov_2004/Etelegate/images 07_ad_new.gif
2004.12.02 13:39 B E:\Etelegate_DontDelete\EtelegateBackup_24_Nov_2004\Etelegate\images\07_tele1.gif --> ftp.zerone-consulting.com /httpdocs/projects/Etelegate_DontDelete/EtelegateBackup_24_Nov_2004/Etelegate/images 07_tele1.gif
2004.12.02 13:39 B E:\Etelegate_DontDelete\EtelegateBackup_24_Nov_2004\Etelegate\images\07_test.gif --> ftp.zerone-consulting.com /httpdocs/projects/Etelegate_DontDelete/EtelegateBackup_24_Nov_2004/Etelegate/images 07_test.gif
2004.12.02 13:39 B E:\Etelegate_DontDelete\EtelegateBackup_24_Nov_2004\Etelegate\images\07_test_ns.gif --> ftp.zerone-consulting.com /httpdocs/projects/Etelegate_DontDelete/EtelegateBackup_24_Nov_2004/Etelegate/images 07_test_ns.gif
2004.12.02 13:39 B E:\Etelegate_DontDelete\EtelegateBackup_24_Nov_2004\Etelegate\images\07_user1.gif --> ftp.zerone-consulting.com /httpdocs/projects/Etelegate_DontDelete/EtelegateBackup_24_Nov_2004/Etelegate/images 07_user1.gif
2004.12.02 13:39 B E:\Etelegate_DontDelete\EtelegateBackup_24_Nov_2004\Etelegate\images\08_ad.gif --> ftp.zerone-consulting.com /httpdocs/projects/Etelegate_DontDelete/EtelegateBackup_24_Nov_2004/Etelegate/images 08_ad.gif
2004.12.02 13:39 B E:\Etelegate_DontDelete\EtelegateBackup_24_Nov_2004\Etelegate\images\08_ad_gt.gif --> ftp.zerone-consulting.com /httpdocs/projects/Etelegate_DontDelete/EtelegateBackup_24_Nov_2004/Etelegate/images 08_ad_gt.gif
2004.12.02 13:39 B E:\Etelegate_DontDelete\EtelegateBackup_24_Nov_2004\Etelegate\images\08_ad_new.gif --> ftp.zerone-consulting.com /httpdocs/projects/Etelegate_DontDelete/EtelegateBackup_24_Nov_2004/Etelegate/images 08_ad_new.gif
2004.12.02 13:39 B E:\Etelegate_DontDelete\EtelegateBackup_24_Nov_2004\Etelegate\images\08_test.gif --> ftp.zerone-consulting.com /httpdocs/projects/Etelegate_DontDelete/EtelegateBackup_24_Nov_2004/Etelegate/images 08_test.gif
2004.12.02 13:39 B E:\Etelegate_DontDelete\EtelegateBackup_24_Nov_2004\Etelegate\images\09_ad.gif --> ftp.zerone-consulting.com /httpdocs/projects/Etelegate_DontDelete/EtelegateBackup_24_Nov_2004/Etelegate/images 09_ad.gif
2004.12.02 13:40 B E:\Etelegate_DontDelete\EtelegateBackup_24_Nov_2004\Etelegate\images\09_ad_gt.gif --> ftp.zerone-consulting.com /httpdocs/projects/Etelegate_DontDelete/EtelegateBackup_24_Nov_2004/Etelegate/images 09_ad_gt.gif
2004.12.02 13:40 B E:\Etelegate_DontDelete\EtelegateBackup_24_Nov_2004\Etelegate\images\09_ad_new.gif --> ftp.zerone-consulting.com /httpdocs/projects/Etelegate_DontDelete/EtelegateBackup_24_Nov_2004/Etelegate/images 09_ad_new.gif
2004.12.02 13:40 B E:\Etelegate_DontDelete\EtelegateBackup_24_Nov_2004\Etelegate\images\10_ad.gif --> ftp.zerone-consulting.com /httpdocs/projects/Etelegate_DontDelete/EtelegateBackup_24_Nov_2004/Etelegate/images 10_ad.gif
2004.12.02 13:40 B E:\Etelegate_DontDelete\EtelegateBackup_24_Nov_2004\Etelegate\images\1_res.jpg --> ftp.zerone-consulting.com /httpdocs/projects/Etelegate_DontDelete/EtelegateBackup_24_Nov_2004/Etelegate/images 1_res.jpg
2004.12.02 13:40 B E:\Etelegate_DontDelete\EtelegateBackup_24_Nov_2004\Etelegate\images\2_res.jpg --> ftp.zerone-consulting.com /httpdocs/projects/Etelegate_DontDelete/EtelegateBackup_24_Nov_2004/Etelegate/images 2_res.jpg
2004.12.02 13:40 B E:\Etelegate_DontDelete\EtelegateBackup_24_Nov_2004\Etelegate\images\3_res.jpg --> ftp.zerone-consulting.com /httpdocs/projects/Etelegate_DontDelete/EtelegateBackup_24_Nov_2004/Etelegate/images 3_res.jpg
2004.12.02 13:40 B E:\Etelegate_DontDelete\EtelegateBackup_24_Nov_2004\Etelegate\images\aboutyou.gif --> ftp.zerone-consulting.com /httpdocs/projects/Etelegate_DontDelete/EtelegateBackup_24_Nov_2004/Etelegate/images aboutyou.gif
2004.12.02 13:40 B E:\Etelegate_DontDelete\EtelegateBackup_24_Nov_2004\Etelegate\images\aboutyou1.gif --> ftp.zerone-consulting.com /httpdocs/projects/Etelegate_DontDelete/EtelegateBackup_24_Nov_2004/Etelegate/images aboutyou1.gif
2004.12.02 13:40 B E:\Etelegate_DontDelete\EtelegateBackup_24_Nov_2004\Etelegate\images\addCompany.jpg --> ftp.zerone-consulting.com /httpdocs/projects/Etelegate_DontDelete/EtelegateBackup_24_Nov_2004/Etelegate/images addCompany.jpg
2004.12.02 13:40 B E:\Etelegate_DontDelete\EtelegateBackup_24_Nov_2004\Etelegate\images\addCompany_bl.jpg --> ftp.zerone-consulting.com /httpdocs/projects/Etelegate_DontDelete/EtelegateBackup_24_Nov_2004/Etelegate/images addCompany_bl.jpg
2004.12.02 13:40 B E:\Etelegate_DontDelete\EtelegateBackup_24_Nov_2004\Etelegate\images\admin.gif --> ftp.zerone-consulting.com /httpdocs/projects/Etelegate_DontDelete/EtelegateBackup_24_Nov_2004/Etelegate/images admin.gif
2004.12.02 13:40 B E:\Etelegate_DontDelete\EtelegateBackup_24_Nov_2004\Etelegate\images\admin_new.gif --> ftp.zerone-consulting.com /httpdocs/projects/Etelegate_DontDelete/EtelegateBackup_24_Nov_2004/Etelegate/images admin_new.gif
2004.12.02 13:40 B E:\Etelegate_DontDelete\EtelegateBackup_24_Nov_2004\Etelegate\images\aol.jpg --> ftp.zerone-consulting.com /httpdocs/projects/Etelegate_DontDelete/EtelegateBackup_24_Nov_2004/Etelegate/images aol.jpg
2004.12.02 13:40 B E:\Etelegate_DontDelete\EtelegateBackup_24_Nov_2004\Etelegate\images\application.gif --> ftp.zerone-consulting.com /httpdocs/projects/Etelegate_DontDelete/EtelegateBackup_24_Nov_2004/Etelegate/images application.gif
2004.12.02 13:40 B E:\Etelegate_DontDelete\EtelegateBackup_24_Nov_2004\Etelegate\images\arrow.gif --> ftp.zerone-consulting.com /httpdocs/projects/Etelegate_DontDelete/EtelegateBackup_24_Nov_2004/Etelegate/images arrow.gif
2004.12.02 13:40 B E:\Etelegate_DontDelete\EtelegateBackup_24_Nov_2004\Etelegate\images\arrowbtm.gif --> ftp.zerone-consulting.com /httpdocs/projects/Etelegate_DontDelete/EtelegateBackup_24_Nov_2004/Etelegate/images arrowbtm.gif
2004.12.02 13:40 B E:\Etelegate_DontDelete\EtelegateBackup_24_Nov_2004\Etelegate\images\arrowtop.gif --> ftp.zerone-consulting.com /httpdocs/projects/Etelegate_DontDelete/EtelegateBackup_24_Nov_2004/Etelegate/images arrowtop.gif
2004.12.02 13:40 B E:\Etelegate_DontDelete\EtelegateBackup_24_Nov_2004\Etelegate\images\atm_verify.gif --> ftp.zerone-consulting.com /httpdocs/projects/Etelegate_DontDelete/EtelegateBackup_24_Nov_2004/Etelegate/images atm_verify.gif
2004.12.02 13:40 B E:\Etelegate_DontDelete\EtelegateBackup_24_Nov_2004\Etelegate\images\atm_verify_bl.gif --> ftp.zerone-consulting.com /httpdocs/projects/Etelegate_DontDelete/EtelegateBackup_24_Nov_2004/Etelegate/images atm_verify_bl.gif
2004.12.02 13:40 B E:\Etelegate_DontDelete\EtelegateBackup_24_Nov_2004\Etelegate\images\back.gif --> ftp.zerone-consulting.com /httpdocs/projects/Etelegate_DontDelete/EtelegateBackup_24_Nov_2004/Etelegate/images back.gif
2004.12.02 13:40 B E:\Etelegate_DontDelete\EtelegateBackup_24_Nov_2004\Etelegate\images\back.jpg --> ftp.zerone-consulting.com /httpdocs/projects/Etelegate_DontDelete/EtelegateBackup_24_Nov_2004/Etelegate/images back.jpg
2004.12.02 13:40 B E:\Etelegate_DontDelete\EtelegateBackup_24_Nov_2004\Etelegate\images\back_tran.gif --> ftp.zerone-consulting.com /httpdocs/projects/Etelegate_DontDelete/EtelegateBackup_24_Nov_2004/Etelegate/images back_tran.gif
2004.12.02 13:40 B E:\Etelegate_DontDelete\EtelegateBackup_24_Nov_2004\Etelegate\images\bank.gif --> ftp.zerone-consulting.com /httpdocs/projects/Etelegate_DontDelete/EtelegateBackup_24_Nov_2004/Etelegate/images bank.gif
2004.12.02 13:40 B E:\Etelegate_DontDelete\EtelegateBackup_24_Nov_2004\Etelegate\images\bank_new.gif --> ftp.zerone-consulting.com /httpdocs/projects/Etelegate_DontDelete/EtelegateBackup_24_Nov_2004/Etelegate/images bank_new.gif
2004.12.02 13:40 B E:\Etelegate_DontDelete\EtelegateBackup_24_Nov_2004\Etelegate\images\bankprocessing_tab.gif --> ftp.zerone-consulting.com /httpdocs/projects/Etelegate_DontDelete/EtelegateBackup_24_Nov_2004/Etelegate/images bankprocessing_tab.gif
2004.12.02 13:40 B E:\Etelegate_DontDelete\EtelegateBackup_24_Nov_2004\Etelegate\images\bankprocessing_tab1.gif --> ftp.zerone-consulting.com /httpdocs/projects/Etelegate_DontDelete/EtelegateBackup_24_Nov_2004/Etelegate/images bankprocessing_tab1.gif
2004.12.02 13:40 B E:\Etelegate_DontDelete\EtelegateBackup_24_Nov_2004\Etelegate\images\benefits.jpg --> ftp.zerone-consulting.com /httpdocs/projects/Etelegate_DontDelete/EtelegateBackup_24_Nov_2004/Etelegate/images benefits.jpg
2004.12.02 13:40 B E:\Etelegate_DontDelete\EtelegateBackup_24_Nov_2004\Etelegate\images\bglogin.jpg --> ftp.zerone-consulting.com /httpdocs/projects/Etelegate_DontDelete/EtelegateBackup_24_Nov_2004/Etelegate/images bglogin.jpg
2004.12.02 14:00 B E:\Etelegate_DontDelete\EtelegateBackup_24_Nov_2004\Etelegate\images\break.gif --> ftp.zerone-consulting.com /httpdocs/projects/Etelegate_DontDelete/EtelegateBackup_24_Nov_2004/Etelegate/images break.gif
2004.12.02 14:00 B E:\Etelegate_DontDelete\EtelegateBackup_24_Nov_2004\Etelegate\images\break_new.gif --> ftp.zerone-consulting.com /httpdocs/projects/Etelegate_DontDelete/EtelegateBackup_24_Nov_2004/Etelegate/images break_new.gif
2004.12.02 14:00 B E:\Etelegate_DontDelete\EtelegateBackup_24_Nov_2004\Etelegate\images\btn_delete.gif --> ftp.zerone-consulting.com /httpdocs/projects/Etelegate_DontDelete/EtelegateBackup_24_Nov_2004/Etelegate/images btn_delete.gif
2004.12.02 14:00 B E:\Etelegate_DontDelete\EtelegateBackup_24_Nov_2004\Etelegate\images\btn_edit.gif --> ftp.zerone-consulting.com /httpdocs/projects/Etelegate_DontDelete/EtelegateBackup_24_Nov_2004/Etelegate/images btn_edit.gif
2004.12.02 14:00 B E:\Etelegate_DontDelete\EtelegateBackup_24_Nov_2004\Etelegate\images\butlogin.jpg --> ftp.zerone-consulting.com /httpdocs/projects/Etelegate_DontDelete/EtelegateBackup_24_Nov_2004/Etelegate/images butlogin.jpg
2004.12.02 14:00 B E:\Etelegate_DontDelete\EtelegateBackup_24_Nov_2004\Etelegate\images\callback.jpg --> ftp.zerone-consulting.com /httpdocs/projects/Etelegate_DontDelete/EtelegateBackup_24_Nov_2004/Etelegate/images callback.jpg
2004.12.02 14:00 B E:\Etelegate_DontDelete\EtelegateBackup_24_Nov_2004\Etelegate\images\callback_bl.jpg --> ftp.zerone-consulting.com /httpdocs/projects/Etelegate_DontDelete/EtelegateBackup_24_Nov_2004/Etelegate/images callback_bl.jpg
2004.12.02 14:00 B E:\Etelegate_DontDelete\EtelegateBackup_24_Nov_2004\Etelegate\images\cancel.jpg --> ftp.zerone-consulting.com /httpdocs/projects/Etelegate_DontDelete/EtelegateBackup_24_Nov_2004/Etelegate/images cancel.jpg
2004.12.02 14:00 B E:\Etelegate_DontDelete\EtelegateBackup_24_Nov_2004\Etelegate\images\cancel_bl.jpg --> ftp.zerone-consulting.com /httpdocs/projects/Etelegate_DontDelete/EtelegateBackup_24_Nov_2004/Etelegate/images cancel_bl.jpg
2004.12.02 14:00 B E:\Etelegate_DontDelete\EtelegateBackup_24_Nov_2004\Etelegate\images\canceltransaction.gif --> ftp.zerone-consulting.com /httpdocs/projects/Etelegate_DontDelete/EtelegateBackup_24_Nov_2004/Etelegate/images canceltransaction.gif
2004.12.02 14:00 B E:\Etelegate_DontDelete\EtelegateBackup_24_Nov_2004\Etelegate\images\canceltransaction.jpg --> ftp.zerone-consulting.com /httpdocs/projects/Etelegate_DontDelete/EtelegateBackup_24_Nov_2004/Etelegate/images canceltransaction.jpg
2004.12.02 14:00 B E:\Etelegate_DontDelete\EtelegateBackup_24_Nov_2004\Etelegate\images\canceltransaction_tran.gif --> ftp.zerone-consulting.com /httpdocs/projects/Etelegate_DontDelete/EtelegateBackup_24_Nov_2004/Etelegate/images canceltransaction_tran.gif
2004.12.02 14:00 B E:\Etelegate_DontDelete\EtelegateBackup_24_Nov_2004\Etelegate\images\cards.gif --> ftp.zerone-consulting.com /httpdocs/projects/Etelegate_DontDelete/EtelegateBackup_24_Nov_2004/Etelegate/images cards.gif
2004.12.02 14:00 B E:\Etelegate_DontDelete\EtelegateBackup_24_Nov_2004\Etelegate\images\cards.jpg --> ftp.zerone-consulting.com /httpdocs/projects/Etelegate_DontDelete/EtelegateBackup_24_Nov_2004/Etelegate/images cards.jpg
2004.12.02 14:00 B E:\Etelegate_DontDelete\EtelegateBackup_24_Nov_2004\Etelegate\images\cards_tran.gif --> ftp.zerone-consulting.com /httpdocs/projects/Etelegate_DontDelete/EtelegateBackup_24_Nov_2004/Etelegate/images cards_tran.gif
2004.12.02 14:00 B E:\Etelegate_DontDelete\EtelegateBackup_24_Nov_2004\Etelegate\images\changepassword.gif --> ftp.zerone-consulting.com /httpdocs/projects/Etelegate_DontDelete/EtelegateBackup_24_Nov_2004/Etelegate/images changepassword.gif
2004.12.02 14:00 B E:\Etelegate_DontDelete\EtelegateBackup_24_Nov_2004\Etelegate\images\close.gif --> ftp.zerone-consulting.com /httpdocs/projects/Etelegate_DontDelete/EtelegateBackup_24_Nov_2004/Etelegate/images close.gif
2004.12.02 14:01 B E:\Etelegate_DontDelete\EtelegateBackup_24_Nov_2004\Etelegate\images\close1.gif --> ftp.zerone-consulting.com /httpdocs/projects/Etelegate_DontDelete/EtelegateBackup_24_Nov_2004/Etelegate/images close1.gif
2004.12.02 14:01 B E:\Etelegate_DontDelete\EtelegateBackup_24_Nov_2004\Etelegate\images\companies.gif --> ftp.zerone-consulting.com /httpdocs/projects/Etelegate_DontDelete/EtelegateBackup_24_Nov_2004/Etelegate/images companies.gif
2004.12.02 14:01 B E:\Etelegate_DontDelete\EtelegateBackup_24_Nov_2004\Etelegate\images\companies_new.gif --> ftp.zerone-consulting.com /httpdocs/projects/Etelegate_DontDelete/EtelegateBackup_24_Nov_2004/Etelegate/images companies_new.gif
2004.12.02 14:01 B E:\Etelegate_DontDelete\EtelegateBackup_24_Nov_2004\Etelegate\images\completeaccounting.gif --> ftp.zerone-consulting.com /httpdocs/projects/Etelegate_DontDelete/EtelegateBackup_24_Nov_2004/Etelegate/images completeaccounting.gif
2004.12.02 14:01 B E:\Etelegate_DontDelete\EtelegateBackup_24_Nov_2004\Etelegate\images\completeaccounting_tab.gif --> ftp.zerone-consulting.com /httpdocs/projects/Etelegate_DontDelete/EtelegateBackup_24_Nov_2004/Etelegate/images completeaccounting_tab.gif
2004.12.02 14:01 B E:\Etelegate_DontDelete\EtelegateBackup_24_Nov_2004\Etelegate\images\completeaccounting_tab1.gif --> ftp.zerone-consulting.com /httpdocs/projects/Etelegate_DontDelete/EtelegateBackup_24_Nov_2004/Etelegate/images completeaccounting_tab1.gif
2004.12.02 14:01 B E:\Etelegate_DontDelete\EtelegateBackup_24_Nov_2004\Etelegate\images\continue.gif --> ftp.zerone-consulting.com /httpdocs/projects/Etelegate_DontDelete/EtelegateBackup_24_Nov_2004/Etelegate/images continue.gif
2004.12.02 14:01 B E:\Etelegate_DontDelete\EtelegateBackup_24_Nov_2004\Etelegate\images\continue_bl.gif --> ftp.zerone-consulting.com /httpdocs/projects/Etelegate_DontDelete/EtelegateBackup_24_Nov_2004/Etelegate/images continue_bl.gif
2004.12.02 14:01 B E:\Etelegate_DontDelete\EtelegateBackup_24_Nov_2004\Etelegate\images\creditcard.gif --> ftp.zerone-consulting.com /httpdocs/projects/Etelegate_DontDelete/EtelegateBackup_24_Nov_2004/Etelegate/images creditcard.gif
2004.12.02 14:01 B E:\Etelegate_DontDelete\EtelegateBackup_24_Nov_2004\Etelegate\images\creditcard.jpg --> ftp.zerone-consulting.com /httpdocs/projects/Etelegate_DontDelete/EtelegateBackup_24_Nov_2004/Etelegate/images creditcard.jpg
2004.12.02 14:01 B E:\Etelegate_DontDelete\EtelegateBackup_24_Nov_2004\Etelegate\images\cust_ser.gif --> ftp.zerone-consulting.com /httpdocs/projects/Etelegate_DontDelete/EtelegateBackup_24_Nov_2004/Etelegate/images cust_ser.gif
2004.12.02 14:01 B E:\Etelegate_DontDelete\EtelegateBackup_24_Nov_2004\Etelegate\images\cust_ser_new.gif --> ftp.zerone-consulting.com /httpdocs/projects/Etelegate_DontDelete/EtelegateBackup_24_Nov_2004/Etelegate/images cust_ser_new.gif
2004.12.02 14:01 B E:\Etelegate_DontDelete\EtelegateBackup_24_Nov_2004\Etelegate\images\delete.jpg --> ftp.zerone-consulting.com /httpdocs/projects/Etelegate_DontDelete/EtelegateBackup_24_Nov_2004/Etelegate/images delete.jpg
2004.12.02 14:01 B E:\Etelegate_DontDelete\EtelegateBackup_24_Nov_2004\Etelegate\images\delete_bl.jpg --> ftp.zerone-consulting.com /httpdocs/projects/Etelegate_DontDelete/EtelegateBackup_24_Nov_2004/Etelegate/images delete_bl.jpg
2004.12.02 14:01 B E:\Etelegate_DontDelete\EtelegateBackup_24_Nov_2004\Etelegate\images\discpic1.jpg --> ftp.zerone-consulting.com /httpdocs/projects/Etelegate_DontDelete/EtelegateBackup_24_Nov_2004/Etelegate/images discpic1.jpg
2004.12.02 14:01 B E:\Etelegate_DontDelete\EtelegateBackup_24_Nov_2004\Etelegate\images\download.jpg --> ftp.zerone-consulting.com /httpdocs/projects/Etelegate_DontDelete/EtelegateBackup_24_Nov_2004/Etelegate/images download.jpg
2004.12.02 14:01 B E:\Etelegate_DontDelete\EtelegateBackup_24_Nov_2004\Etelegate\images\download_bl.jpg --> ftp.zerone-consulting.com /httpdocs/projects/Etelegate_DontDelete/EtelegateBackup_24_Nov_2004/Etelegate/images download_bl.jpg
2004.12.02 14:01 B E:\Etelegate_DontDelete\EtelegateBackup_24_Nov_2004\Etelegate\images\drop1.gif --> ftp.zerone-consulting.com /httpdocs/projects/Etelegate_DontDelete/EtelegateBackup_24_Nov_2004/Etelegate/images drop1.gif
2004.12.02 14:01 B E:\Etelegate_DontDelete\EtelegateBackup_24_Nov_2004\Etelegate\images\drop2.gif --> ftp.zerone-consulting.com /httpdocs/projects/Etelegate_DontDelete/EtelegateBackup_24_Nov_2004/Etelegate/images drop2.gif
2004.12.02 14:01 B E:\Etelegate_DontDelete\EtelegateBackup_24_Nov_2004\Etelegate\images\editcompanydetails.gif --> ftp.zerone-consulting.com /httpdocs/projects/Etelegate_DontDelete/EtelegateBackup_24_Nov_2004/Etelegate/images editcompanydetails.gif
2004.12.02 14:01 B E:\Etelegate_DontDelete\EtelegateBackup_24_Nov_2004\Etelegate\images\emailreminder.jpg --> ftp.zerone-consulting.com /httpdocs/projects/Etelegate_DontDelete/EtelegateBackup_24_Nov_2004/Etelegate/images emailreminder.jpg
2004.12.02 14:01 B E:\Etelegate_DontDelete\EtelegateBackup_24_Nov_2004\Etelegate\images\emailreminder_bl.jpg --> ftp.zerone-consulting.com /httpdocs/projects/Etelegate_DontDelete/EtelegateBackup_24_Nov_2004/Etelegate/images emailreminder_bl.jpg
2004.12.02 14:01 B E:\Etelegate_DontDelete\EtelegateBackup_24_Nov_2004\Etelegate\images\exportfile.jpg --> ftp.zerone-consulting.com /httpdocs/projects/Etelegate_DontDelete/EtelegateBackup_24_Nov_2004/Etelegate/images exportfile.jpg
2004.12.02 14:01 B E:\Etelegate_DontDelete\EtelegateBackup_24_Nov_2004\Etelegate\images\exportfile_bl.jpg --> ftp.zerone-consulting.com /httpdocs/projects/Etelegate_DontDelete/EtelegateBackup_24_Nov_2004/Etelegate/images exportfile_bl.jpg
2004.12.02 14:01 B E:\Etelegate_DontDelete\EtelegateBackup_24_Nov_2004\Etelegate\images\fees.jpg --> ftp.zerone-consulting.com /httpdocs/projects/Etelegate_DontDelete/EtelegateBackup_24_Nov_2004/Etelegate/images fees.jpg
2004.12.02 14:01 B E:\Etelegate_DontDelete\EtelegateBackup_24_Nov_2004\Etelegate\images\finishingline.gif --> ftp.zerone-consulting.com /httpdocs/projects/Etelegate_DontDelete/EtelegateBackup_24_Nov_2004/Etelegate/images finishingline.gif
2004.12.02 14:01 B E:\Etelegate_DontDelete\EtelegateBackup_24_Nov_2004\Etelegate\images\finishingline1.gif --> ftp.zerone-consulting.com /httpdocs/projects/Etelegate_DontDelete/EtelegateBackup_24_Nov_2004/Etelegate/images finishingline1.gif
2004.12.02 14:01 B E:\Etelegate_DontDelete\EtelegateBackup_24_Nov_2004\Etelegate\images\help.gif --> ftp.zerone-consulting.com /httpdocs/projects/Etelegate_DontDelete/EtelegateBackup_24_Nov_2004/Etelegate/images help.gif
2004.12.02 14:01 B E:\Etelegate_DontDelete\EtelegateBackup_24_Nov_2004\Etelegate\images\help_s.gif --> ftp.zerone-consulting.com /httpdocs/projects/Etelegate_DontDelete/EtelegateBackup_24_Nov_2004/Etelegate/images help_s.gif
2004.12.02 14:02 B E:\Etelegate_DontDelete\EtelegateBackup_24_Nov_2004\Etelegate\images\icq.gif --> ftp.zerone-consulting.com /httpdocs/projects/Etelegate_DontDelete/EtelegateBackup_24_Nov_2004/Etelegate/images icq.gif
2004.12.02 14:02 B E:\Etelegate_DontDelete\EtelegateBackup_24_Nov_2004\Etelegate\images\icq.jpg --> ftp.zerone-consulting.com /httpdocs/projects/Etelegate_DontDelete/EtelegateBackup_24_Nov_2004/Etelegate/images icq.jpg
2004.12.02 14:02 B E:\Etelegate_DontDelete\EtelegateBackup_24_Nov_2004\Etelegate\images\icq2.jpg --> ftp.zerone-consulting.com /httpdocs/projects/Etelegate_DontDelete/EtelegateBackup_24_Nov_2004/Etelegate/images icq2.jpg
2004.12.02 14:02 B E:\Etelegate_DontDelete\EtelegateBackup_24_Nov_2004\Etelegate\images\invoicelogo.jpg --> ftp.zerone-consulting.com /httpdocs/projects/Etelegate_DontDelete/EtelegateBackup_24_Nov_2004/Etelegate/images invoicelogo.jpg
2004.12.02 14:02 B E:\Etelegate_DontDelete\EtelegateBackup_24_Nov_2004\Etelegate\images\L1.jpg --> ftp.zerone-consulting.com /httpdocs/projects/Etelegate_DontDelete/EtelegateBackup_24_Nov_2004/Etelegate/images L1.jpg
2004.12.02 14:02 B E:\Etelegate_DontDelete\EtelegateBackup_24_Nov_2004\Etelegate\images\L2.jpg --> ftp.zerone-consulting.com /httpdocs/projects/Etelegate_DontDelete/EtelegateBackup_24_Nov_2004/Etelegate/images L2.jpg
2004.12.02 14:02 B E:\Etelegate_DontDelete\EtelegateBackup_24_Nov_2004\Etelegate\images\L3.jpg --> ftp.zerone-consulting.com /httpdocs/projects/Etelegate_DontDelete/EtelegateBackup_24_Nov_2004/Etelegate/images L3.jpg
2004.12.02 14:02 B E:\Etelegate_DontDelete\EtelegateBackup_24_Nov_2004\Etelegate\images\L4.jpg --> ftp.zerone-consulting.com /httpdocs/projects/Etelegate_DontDelete/EtelegateBackup_24_Nov_2004/Etelegate/images L4.jpg
2004.12.02 14:02 B E:\Etelegate_DontDelete\EtelegateBackup_24_Nov_2004\Etelegate\images\L5.jpg --> ftp.zerone-consulting.com /httpdocs/projects/Etelegate_DontDelete/EtelegateBackup_24_Nov_2004/Etelegate/images L5.jpg
2004.12.02 14:02 B E:\Etelegate_DontDelete\EtelegateBackup_24_Nov_2004\Etelegate\images\L6.jpg --> ftp.zerone-consulting.com /httpdocs/projects/Etelegate_DontDelete/EtelegateBackup_24_Nov_2004/Etelegate/images L6.jpg
2004.12.02 14:02 B E:\Etelegate_DontDelete\EtelegateBackup_24_Nov_2004\Etelegate\images\ledgers.gif --> ftp.zerone-consulting.com /httpdocs/projects/Etelegate_DontDelete/EtelegateBackup_24_Nov_2004/Etelegate/images ledgers.gif
2004.12.02 14:02 B E:\Etelegate_DontDelete\EtelegateBackup_24_Nov_2004\Etelegate\images\ledgers_new.gif --> ftp.zerone-consulting.com /httpdocs/projects/Etelegate_DontDelete/EtelegateBackup_24_Nov_2004/Etelegate/images ledgers_new.gif
2004.12.02 14:02 B E:\Etelegate_DontDelete\EtelegateBackup_24_Nov_2004\Etelegate\images\left1.gif --> ftp.zerone-consulting.com /httpdocs/projects/Etelegate_DontDelete/EtelegateBackup_24_Nov_2004/Etelegate/images left1.gif
2004.12.02 14:02 B E:\Etelegate_DontDelete\EtelegateBackup_24_Nov_2004\Etelegate\images\left1.jpg --> ftp.zerone-consulting.com /httpdocs/projects/Etelegate_DontDelete/EtelegateBackup_24_Nov_2004/Etelegate/images left1.jpg
2004.12.02 14:02 B E:\Etelegate_DontDelete\EtelegateBackup_24_Nov_2004\Etelegate\images\left2.gif --> ftp.zerone-consulting.com /httpdocs/projects/Etelegate_DontDelete/EtelegateBackup_24_Nov_2004/Etelegate/images left2.gif
2004.12.02 14:02 B E:\Etelegate_DontDelete\EtelegateBackup_24_Nov_2004\Etelegate\images\left2.jpe --> ftp.zerone-consulting.com /httpdocs/projects/Etelegate_DontDelete/EtelegateBackup_24_Nov_2004/Etelegate/images left2.jpe
2004.12.02 14:02 B E:\Etelegate_DontDelete\EtelegateBackup_24_Nov_2004\Etelegate\images\left2.jpg --> ftp.zerone-consulting.com /httpdocs/projects/Etelegate_DontDelete/EtelegateBackup_24_Nov_2004/Etelegate/images left2.jpg
2004.12.02 14:02 B E:\Etelegate_DontDelete\EtelegateBackup_24_Nov_2004\Etelegate\images\left3.jpg --> ftp.zerone-consulting.com /httpdocs/projects/Etelegate_DontDelete/EtelegateBackup_24_Nov_2004/Etelegate/images left3.jpg
2004.12.02 14:02 B E:\Etelegate_DontDelete\EtelegateBackup_24_Nov_2004\Etelegate\images\leftside.jpg --> ftp.zerone-consulting.com /httpdocs/projects/Etelegate_DontDelete/EtelegateBackup_24_Nov_2004/Etelegate/images leftside.jpg
2004.12.02 14:02 B E:\Etelegate_DontDelete\EtelegateBackup_24_Nov_2004\Etelegate\images\leftside_tr.jpg --> ftp.zerone-consulting.com /httpdocs/projects/Etelegate_DontDelete/EtelegateBackup_24_Nov_2004/Etelegate/images leftside_tr.jpg
2004.12.02 14:02 B E:\Etelegate_DontDelete\EtelegateBackup_24_Nov_2004\Etelegate\images\lettertemplate_tab.gif --> ftp.zerone-consulting.com /httpdocs/projects/Etelegate_DontDelete/EtelegateBackup_24_Nov_2004/Etelegate/images lettertemplate_tab.gif
2004.12.02 14:02 B E:\Etelegate_DontDelete\EtelegateBackup_24_Nov_2004\Etelegate\images\lettertemplate_tab1.gif --> ftp.zerone-consulting.com /httpdocs/projects/Etelegate_DontDelete/EtelegateBackup_24_Nov_2004/Etelegate/images lettertemplate_tab1.gif
2004.12.02 14:02 B E:\Etelegate_DontDelete\EtelegateBackup_24_Nov_2004\Etelegate\images\login.jpg --> ftp.zerone-consulting.com /httpdocs/projects/Etelegate_DontDelete/EtelegateBackup_24_Nov_2004/Etelegate/images login.jpg
2004.12.02 14:02 B E:\Etelegate_DontDelete\EtelegateBackup_24_Nov_2004\Etelegate\images\loginbg.jpg --> ftp.zerone-consulting.com /httpdocs/projects/Etelegate_DontDelete/EtelegateBackup_24_Nov_2004/Etelegate/images loginbg.jpg
2004.12.02 14:03 B E:\Etelegate_DontDelete\EtelegateBackup_24_Nov_2004\Etelegate\images\logo.gif --> ftp.zerone-consulting.com /httpdocs/projects/Etelegate_DontDelete/EtelegateBackup_24_Nov_2004/Etelegate/images logo.gif
2004.12.02 14:03 B E:\Etelegate_DontDelete\EtelegateBackup_24_Nov_2004\Etelegate\images\logo.jpg --> ftp.zerone-consulting.com /httpdocs/projects/Etelegate_DontDelete/EtelegateBackup_24_Nov_2004/Etelegate/images logo.jpg
2004.12.02 14:03 B E:\Etelegate_DontDelete\EtelegateBackup_24_Nov_2004\Etelegate\images\logo2os.gif --> ftp.zerone-consulting.com /httpdocs/projects/Etelegate_DontDelete/EtelegateBackup_24_Nov_2004/Etelegate/images logo2os.gif
2004.12.02 14:03 B E:\Etelegate_DontDelete\EtelegateBackup_24_Nov_2004\Etelegate\images\logo2os.jpg --> ftp.zerone-consulting.com /httpdocs/projects/Etelegate_DontDelete/EtelegateBackup_24_Nov_2004/Etelegate/images logo2os.jpg
2004.12.02 14:03 B E:\Etelegate_DontDelete\EtelegateBackup_24_Nov_2004\Etelegate\images\logo2os_L.gif --> ftp.zerone-consulting.com /httpdocs/projects/Etelegate_DontDelete/EtelegateBackup_24_Nov_2004/Etelegate/images logo2os_L.gif
2004.12.02 14:03 B E:\Etelegate_DontDelete\EtelegateBackup_24_Nov_2004\Etelegate\images\logo_etelegate.gif --> ftp.zerone-consulting.com /httpdocs/projects/Etelegate_DontDelete/EtelegateBackup_24_Nov_2004/Etelegate/images logo_etelegate.gif
2004.12.02 14:03 B E:\Etelegate_DontDelete\EtelegateBackup_24_Nov_2004\Etelegate\images\logout.gif --> ftp.zerone-consulting.com /httpdocs/projects/Etelegate_DontDelete/EtelegateBackup_24_Nov_2004/Etelegate/images logout.gif
2004.12.02 14:03 B E:\Etelegate_DontDelete\EtelegateBackup_24_Nov_2004\Etelegate\images\logout_new.gif --> ftp.zerone-consulting.com /httpdocs/projects/Etelegate_DontDelete/EtelegateBackup_24_Nov_2004/Etelegate/images logout_new.gif
2004.12.02 14:03 B E:\Etelegate_DontDelete\EtelegateBackup_24_Nov_2004\Etelegate\images\mail.gif --> ftp.zerone-consulting.com /httpdocs/projects/Etelegate_DontDelete/EtelegateBackup_24_Nov_2004/Etelegate/images mail.gif
2004.12.02 14:03 B E:\Etelegate_DontDelete\EtelegateBackup_24_Nov_2004\Etelegate\images\mailme.gif --> ftp.zerone-consulting.com /httpdocs/projects/Etelegate_DontDelete/EtelegateBackup_24_Nov_2004/Etelegate/images mailme.gif
2004.12.02 14:03 B E:\Etelegate_DontDelete\EtelegateBackup_24_Nov_2004\Etelegate\images\mailme_s.gif --> ftp.zerone-consulting.com /httpdocs/projects/Etelegate_DontDelete/EtelegateBackup_24_Nov_2004/Etelegate/images mailme_s.gif
2004.12.02 14:03 B E:\Etelegate_DontDelete\EtelegateBackup_24_Nov_2004\Etelegate\images\mastercard.jpg --> ftp.zerone-consulting.com /httpdocs/projects/Etelegate_DontDelete/EtelegateBackup_24_Nov_2004/Etelegate/images mastercard.jpg
2004.12.02 14:03 B E:\Etelegate_DontDelete\EtelegateBackup_24_Nov_2004\Etelegate\images\menubtmbg.gif --> ftp.zerone-consulting.com /httpdocs/projects/Etelegate_DontDelete/EtelegateBackup_24_Nov_2004/Etelegate/images menubtmbg.gif
2004.12.02 14:03 B E:\Etelegate_DontDelete\EtelegateBackup_24_Nov_2004\Etelegate\images\menubtmcenter.gif --> ftp.zerone-consulting.com /httpdocs/projects/Etelegate_DontDelete/EtelegateBackup_24_Nov_2004/Etelegate/images menubtmcenter.gif
2004.12.02 14:03 B E:\Etelegate_DontDelete\EtelegateBackup_24_Nov_2004\Etelegate\images\menubtmleft.gif --> ftp.zerone-consulting.com /httpdocs/projects/Etelegate_DontDelete/EtelegateBackup_24_Nov_2004/Etelegate/images menubtmleft.gif
2004.12.02 14:03 B E:\Etelegate_DontDelete\EtelegateBackup_24_Nov_2004\Etelegate\images\menubtmright.gif --> ftp.zerone-consulting.com /httpdocs/projects/Etelegate_DontDelete/EtelegateBackup_24_Nov_2004/Etelegate/images menubtmright.gif
2004.12.02 14:03 B E:\Etelegate_DontDelete\EtelegateBackup_24_Nov_2004\Etelegate\images\menucenterbg.gif --> ftp.zerone-consulting.com /httpdocs/projects/Etelegate_DontDelete/EtelegateBackup_24_Nov_2004/Etelegate/images menucenterbg.gif
2004.12.02 14:03 B E:\Etelegate_DontDelete\EtelegateBackup_24_Nov_2004\Etelegate\images\menuright.gif --> ftp.zerone-consulting.com /httpdocs/projects/Etelegate_DontDelete/EtelegateBackup_24_Nov_2004/Etelegate/images menuright.gif
2004.12.02 14:03 B E:\Etelegate_DontDelete\EtelegateBackup_24_Nov_2004\Etelegate\images\menutopbg.gif --> ftp.zerone-consulting.com /httpdocs/projects/Etelegate_DontDelete/EtelegateBackup_24_Nov_2004/Etelegate/images menutopbg.gif
2004.12.02 14:03 B E:\Etelegate_DontDelete\EtelegateBackup_24_Nov_2004\Etelegate\images\menutopcurve.gif --> ftp.zerone-consulting.com /httpdocs/projects/Etelegate_DontDelete/EtelegateBackup_24_Nov_2004/Etelegate/images menutopcurve.gif
2004.12.02 14:03 B E:\Etelegate_DontDelete\EtelegateBackup_24_Nov_2004\Etelegate\images\menutopleft.gif --> ftp.zerone-consulting.com /httpdocs/projects/Etelegate_DontDelete/EtelegateBackup_24_Nov_2004/Etelegate/images menutopleft.gif
2004.12.02 14:03 B E:\Etelegate_DontDelete\EtelegateBackup_24_Nov_2004\Etelegate\images\menutoprightbg.gif --> ftp.zerone-consulting.com /httpdocs/projects/Etelegate_DontDelete/EtelegateBackup_24_Nov_2004/Etelegate/images menutoprightbg.gif
2004.12.02 14:03 B E:\Etelegate_DontDelete\EtelegateBackup_24_Nov_2004\Etelegate\images\merchant.gif --> ftp.zerone-consulting.com /httpdocs/projects/Etelegate_DontDelete/EtelegateBackup_24_Nov_2004/Etelegate/images merchant.gif
2004.12.02 14:03 B E:\Etelegate_DontDelete\EtelegateBackup_24_Nov_2004\Etelegate\images\merchantcontract.gif --> ftp.zerone-consulting.com /httpdocs/projects/Etelegate_DontDelete/EtelegateBackup_24_Nov_2004/Etelegate/images merchantcontract.gif
2004.12.02 14:03 B E:\Etelegate_DontDelete\EtelegateBackup_24_Nov_2004\Etelegate\images\merchantdetails_tab.gif --> ftp.zerone-consulting.com /httpdocs/projects/Etelegate_DontDelete/EtelegateBackup_24_Nov_2004/Etelegate/images merchantdetails_tab.gif
2004.12.02 14:03 B E:\Etelegate_DontDelete\EtelegateBackup_24_Nov_2004\Etelegate\images\merchantdetails_tab1.gif --> ftp.zerone-consulting.com /httpdocs/projects/Etelegate_DontDelete/EtelegateBackup_24_Nov_2004/Etelegate/images merchantdetails_tab1.gif
2004.12.02 14:03 B E:\Etelegate_DontDelete\EtelegateBackup_24_Nov_2004\Etelegate\images\midbg.gif --> ftp.zerone-consulting.com /httpdocs/projects/Etelegate_DontDelete/EtelegateBackup_24_Nov_2004/Etelegate/images midbg.gif
2004.12.02 14:03 B E:\Etelegate_DontDelete\EtelegateBackup_24_Nov_2004\Etelegate\images\midbg_new.gif --> ftp.zerone-consulting.com /httpdocs/projects/Etelegate_DontDelete/EtelegateBackup_24_Nov_2004/Etelegate/images midbg_new.gif
2004.12.02 14:03 B E:\Etelegate_DontDelete\EtelegateBackup_24_Nov_2004\Etelegate\images\midleft.gif --> ftp.zerone-consulting.com /httpdocs/projects/Etelegate_DontDelete/EtelegateBackup_24_Nov_2004/Etelegate/images midleft.gif
2004.12.02 14:03 B E:\Etelegate_DontDelete\EtelegateBackup_24_Nov_2004\Etelegate\images\midright.gif --> ftp.zerone-consulting.com /httpdocs/projects/Etelegate_DontDelete/EtelegateBackup_24_Nov_2004/Etelegate/images midright.gif
2004.12.02 14:03 B E:\Etelegate_DontDelete\EtelegateBackup_24_Nov_2004\Etelegate\images\modifycompanydetails.jpg --> ftp.zerone-consulting.com /httpdocs/projects/Etelegate_DontDelete/EtelegateBackup_24_Nov_2004/Etelegate/images modifycompanydetails.jpg
2004.12.02 14:03 B E:\Etelegate_DontDelete\EtelegateBackup_24_Nov_2004\Etelegate\images\modifycompanydetails_bl.jpg --> ftp.zerone-consulting.com /httpdocs/projects/Etelegate_DontDelete/EtelegateBackup_24_Nov_2004/Etelegate/images modifycompanydetails_bl.jpg
2004.12.02 14:04 B E:\Etelegate_DontDelete\EtelegateBackup_24_Nov_2004\Etelegate\images\negativedatabse.gif --> ftp.zerone-consulting.com /httpdocs/projects/Etelegate_DontDelete/EtelegateBackup_24_Nov_2004/Etelegate/images negativedatabse.gif
2004.12.02 14:04 B E:\Etelegate_DontDelete\EtelegateBackup_24_Nov_2004\Etelegate\images\next.gif --> ftp.zerone-consulting.com /httpdocs/projects/Etelegate_DontDelete/EtelegateBackup_24_Nov_2004/Etelegate/images next.gif
2004.12.02 14:04 B E:\Etelegate_DontDelete\EtelegateBackup_24_Nov_2004\Etelegate\images\next_bl.gif --> ftp.zerone-consulting.com /httpdocs/projects/Etelegate_DontDelete/EtelegateBackup_24_Nov_2004/Etelegate/images next_bl.gif
2004.12.02 14:04 B E:\Etelegate_DontDelete\EtelegateBackup_24_Nov_2004\Etelegate\images\orderpage.jpg --> ftp.zerone-consulting.com /httpdocs/projects/Etelegate_DontDelete/EtelegateBackup_24_Nov_2004/Etelegate/images orderpage.jpg
2004.12.02 14:04 B E:\Etelegate_DontDelete\EtelegateBackup_24_Nov_2004\Etelegate\images\orderpage_bl.jpg --> ftp.zerone-consulting.com /httpdocs/projects/Etelegate_DontDelete/EtelegateBackup_24_Nov_2004/Etelegate/images orderpage_bl.jpg
2004.12.02 14:04 B E:\Etelegate_DontDelete\EtelegateBackup_24_Nov_2004\Etelegate\images\passports.jpg --> ftp.zerone-consulting.com /httpdocs/projects/Etelegate_DontDelete/EtelegateBackup_24_Nov_2004/Etelegate/images passports.jpg
2004.12.02 14:04 B E:\Etelegate_DontDelete\EtelegateBackup_24_Nov_2004\Etelegate\images\portfolio.gif --> ftp.zerone-consulting.com /httpdocs/projects/Etelegate_DontDelete/EtelegateBackup_24_Nov_2004/Etelegate/images portfolio.gif
2004.12.02 14:04 B E:\Etelegate_DontDelete\EtelegateBackup_24_Nov_2004\Etelegate\images\previous.gif --> ftp.zerone-consulting.com /httpdocs/projects/Etelegate_DontDelete/EtelegateBackup_24_Nov_2004/Etelegate/images previous.gif
2004.12.02 14:04 B E:\Etelegate_DontDelete\EtelegateBackup_24_Nov_2004\Etelegate\images\previous_bl.gif --> ftp.zerone-consulting.com /httpdocs/projects/Etelegate_DontDelete/EtelegateBackup_24_Nov_2004/Etelegate/images previous_bl.gif
2004.12.02 14:04 B E:\Etelegate_DontDelete\EtelegateBackup_24_Nov_2004\Etelegate\images\print.jpg --> ftp.zerone-consulting.com /httpdocs/projects/Etelegate_DontDelete/EtelegateBackup_24_Nov_2004/Etelegate/images print.jpg
2004.12.02 14:04 B E:\Etelegate_DontDelete\EtelegateBackup_24_Nov_2004\Etelegate\images\print_bl.jpg --> ftp.zerone-consulting.com /httpdocs/projects/Etelegate_DontDelete/EtelegateBackup_24_Nov_2004/Etelegate/images print_bl.jpg
2004.12.02 14:04 B E:\Etelegate_DontDelete\EtelegateBackup_24_Nov_2004\Etelegate\images\printemails.gif --> ftp.zerone-consulting.com /httpdocs/projects/Etelegate_DontDelete/EtelegateBackup_24_Nov_2004/Etelegate/images printemails.gif
2004.12.02 14:04 B E:\Etelegate_DontDelete\EtelegateBackup_24_Nov_2004\Etelegate\images\printemails_bl.gif --> ftp.zerone-consulting.com /httpdocs/projects/Etelegate_DontDelete/EtelegateBackup_24_Nov_2004/Etelegate/images printemails_bl.gif
2004.12.02 14:04 B E:\Etelegate_DontDelete\EtelegateBackup_24_Nov_2004\Etelegate\images\printlettertemplate.jpg --> ftp.zerone-consulting.com /httpdocs/projects/Etelegate_DontDelete/EtelegateBackup_24_Nov_2004/Etelegate/images printlettertemplate.jpg
2004.12.02 14:04 B E:\Etelegate_DontDelete\EtelegateBackup_24_Nov_2004\Etelegate\images\printlettertemplate_bl.jpg --> ftp.zerone-consulting.com /httpdocs/projects/Etelegate_DontDelete/EtelegateBackup_24_Nov_2004/Etelegate/images printlettertemplate_bl.jpg
2004.12.02 14:04 B E:\Etelegate_DontDelete\EtelegateBackup_24_Nov_2004\Etelegate\images\prl_L.jpg --> ftp.zerone-consulting.com /httpdocs/projects/Etelegate_DontDelete/EtelegateBackup_24_Nov_2004/Etelegate/images prl_L.jpg
2004.12.02 14:04 B E:\Etelegate_DontDelete\EtelegateBackup_24_Nov_2004\Etelegate\images\prl_s.jpg --> ftp.zerone-consulting.com /httpdocs/projects/Etelegate_DontDelete/EtelegateBackup_24_Nov_2004/Etelegate/images prl_s.jpg
2004.12.02 14:04 B E:\Etelegate_DontDelete\EtelegateBackup_24_Nov_2004\Etelegate\images\profile.gif --> ftp.zerone-consulting.com /httpdocs/projects/Etelegate_DontDelete/EtelegateBackup_24_Nov_2004/Etelegate/images profile.gif
2004.12.02 14:04 B E:\Etelegate_DontDelete\EtelegateBackup_24_Nov_2004\Etelegate\images\progressbar.gif --> ftp.zerone-consulting.com /httpdocs/projects/Etelegate_DontDelete/EtelegateBackup_24_Nov_2004/Etelegate/images progressbar.gif
2004.12.02 14:04 B E:\Etelegate_DontDelete\EtelegateBackup_24_Nov_2004\Etelegate\images\ratesandfees_tab.gif --> ftp.zerone-consulting.com /httpdocs/projects/Etelegate_DontDelete/EtelegateBackup_24_Nov_2004/Etelegate/images ratesandfees_tab.gif
2004.12.02 14:04 B E:\Etelegate_DontDelete\EtelegateBackup_24_Nov_2004\Etelegate\images\ratesandfees_tab1.gif --> ftp.zerone-consulting.com /httpdocs/projects/Etelegate_DontDelete/EtelegateBackup_24_Nov_2004/Etelegate/images ratesandfees_tab1.gif
2004.12.02 14:04 B E:\Etelegate_DontDelete\EtelegateBackup_24_Nov_2004\Etelegate\images\redarrow.gif --> ftp.zerone-consulting.com /httpdocs/projects/Etelegate_DontDelete/EtelegateBackup_24_Nov_2004/Etelegate/images redarrow.gif
2004.12.02 14:04 B E:\Etelegate_DontDelete\EtelegateBackup_24_Nov_2004\Etelegate\images\reset.gif --> ftp.zerone-consulting.com /httpdocs/projects/Etelegate_DontDelete/EtelegateBackup_24_Nov_2004/Etelegate/images reset.gif
2004.12.02 14:05 B E:\Etelegate_DontDelete\EtelegateBackup_24_Nov_2004\Etelegate\images\right1.gif --> ftp.zerone-consulting.com /httpdocs/projects/Etelegate_DontDelete/EtelegateBackup_24_Nov_2004/Etelegate/images right1.gif
2004.12.02 14:05 B E:\Etelegate_DontDelete\EtelegateBackup_24_Nov_2004\Etelegate\images\right1.jpg --> ftp.zerone-consulting.com /httpdocs/projects/Etelegate_DontDelete/EtelegateBackup_24_Nov_2004/Etelegate/images right1.jpg
2004.12.02 14:05 B E:\Etelegate_DontDelete\EtelegateBackup_24_Nov_2004\Etelegate\images\right2.gif --> ftp.zerone-consulting.com /httpdocs/projects/Etelegate_DontDelete/EtelegateBackup_24_Nov_2004/Etelegate/images right2.gif
2004.12.02 14:05 B E:\Etelegate_DontDelete\EtelegateBackup_24_Nov_2004\Etelegate\images\right_top.jpg --> ftp.zerone-consulting.com /httpdocs/projects/Etelegate_DontDelete/EtelegateBackup_24_Nov_2004/Etelegate/images right_top.jpg
2004.12.02 14:05 B E:\Etelegate_DontDelete\EtelegateBackup_24_Nov_2004\Etelegate\images\rightbottom.jpg --> ftp.zerone-consulting.com /httpdocs/projects/Etelegate_DontDelete/EtelegateBackup_24_Nov_2004/Etelegate/images rightbottom.jpg
2004.12.02 14:05 B E:\Etelegate_DontDelete\EtelegateBackup_24_Nov_2004\Etelegate\images\righttop.jpg --> ftp.zerone-consulting.com /httpdocs/projects/Etelegate_DontDelete/EtelegateBackup_24_Nov_2004/Etelegate/images righttop.jpg
2004.12.02 14:05 B E:\Etelegate_DontDelete\EtelegateBackup_24_Nov_2004\Etelegate\images\search.gif --> ftp.zerone-consulting.com /httpdocs/projects/Etelegate_DontDelete/EtelegateBackup_24_Nov_2004/Etelegate/images search.gif
2004.12.02 14:05 B E:\Etelegate_DontDelete\EtelegateBackup_24_Nov_2004\Etelegate\images\send.jpg --> ftp.zerone-consulting.com /httpdocs/projects/Etelegate_DontDelete/EtelegateBackup_24_Nov_2004/Etelegate/images send.jpg
2004.12.02 14:05 B E:\Etelegate_DontDelete\EtelegateBackup_24_Nov_2004\Etelegate\images\send_bl.jpg --> ftp.zerone-consulting.com /httpdocs/projects/Etelegate_DontDelete/EtelegateBackup_24_Nov_2004/Etelegate/images send_bl.jpg
2004.12.02 14:05 B E:\Etelegate_DontDelete\EtelegateBackup_24_Nov_2004\Etelegate\images\service.jpg --> ftp.zerone-consulting.com /httpdocs/projects/Etelegate_DontDelete/EtelegateBackup_24_Nov_2004/Etelegate/images service.jpg
2004.12.02 14:05 B E:\Etelegate_DontDelete\EtelegateBackup_24_Nov_2004\Etelegate\images\service_pic.jpg --> ftp.zerone-consulting.com /httpdocs/projects/Etelegate_DontDelete/EtelegateBackup_24_Nov_2004/Etelegate/images service_pic.jpg
2004.12.02 14:05 B E:\Etelegate_DontDelete\EtelegateBackup_24_Nov_2004\Etelegate\images\shipping.gif --> ftp.zerone-consulting.com /httpdocs/projects/Etelegate_DontDelete/EtelegateBackup_24_Nov_2004/Etelegate/images shipping.gif
2004.12.02 14:05 B E:\Etelegate_DontDelete\EtelegateBackup_24_Nov_2004\Etelegate\images\shipping_new.gif --> ftp.zerone-consulting.com /httpdocs/projects/Etelegate_DontDelete/EtelegateBackup_24_Nov_2004/Etelegate/images shipping_new.gif
2004.12.02 14:05 B E:\Etelegate_DontDelete\EtelegateBackup_24_Nov_2004\Etelegate\images\showpreviuoscalls.jpg --> ftp.zerone-consulting.com /httpdocs/projects/Etelegate_DontDelete/EtelegateBackup_24_Nov_2004/Etelegate/images showpreviuoscalls.jpg
2004.12.02 14:05 B E:\Etelegate_DontDelete\EtelegateBackup_24_Nov_2004\Etelegate\images\showpreviuoscalls_bl.jpg --> ftp.zerone-consulting.com /httpdocs/projects/Etelegate_DontDelete/EtelegateBackup_24_Nov_2004/Etelegate/images showpreviuoscalls_bl.jpg
2004.12.02 14:05 B E:\Etelegate_DontDelete\EtelegateBackup_24_Nov_2004\Etelegate\images\signup.gif --> ftp.zerone-consulting.com /httpdocs/projects/Etelegate_DontDelete/EtelegateBackup_24_Nov_2004/Etelegate/images signup.gif
2004.12.02 14:05 B E:\Etelegate_DontDelete\EtelegateBackup_24_Nov_2004\Etelegate\images\spacer.gif --> ftp.zerone-consulting.com /httpdocs/projects/Etelegate_DontDelete/EtelegateBackup_24_Nov_2004/Etelegate/images spacer.gif
2004.12.02 14:05 B E:\Etelegate_DontDelete\EtelegateBackup_24_Nov_2004\Etelegate\images\starthere.gif --> ftp.zerone-consulting.com /httpdocs/projects/Etelegate_DontDelete/EtelegateBackup_24_Nov_2004/Etelegate/images starthere.gif
2004.12.02 14:05 B E:\Etelegate_DontDelete\EtelegateBackup_24_Nov_2004\Etelegate\images\starthere.jpg --> ftp.zerone-consulting.com /httpdocs/projects/Etelegate_DontDelete/EtelegateBackup_24_Nov_2004/Etelegate/images starthere.jpg
2004.12.02 14:05 B E:\Etelegate_DontDelete\EtelegateBackup_24_Nov_2004\Etelegate\images\startman.jpg --> ftp.zerone-consulting.com /httpdocs/projects/Etelegate_DontDelete/EtelegateBackup_24_Nov_2004/Etelegate/images startman.jpg
2004.12.02 14:05 B E:\Etelegate_DontDelete\EtelegateBackup_24_Nov_2004\Etelegate\images\submit.jpg --> ftp.zerone-consulting.com /httpdocs/projects/Etelegate_DontDelete/EtelegateBackup_24_Nov_2004/Etelegate/images submit.jpg
2004.12.02 14:05 B E:\Etelegate_DontDelete\EtelegateBackup_24_Nov_2004\Etelegate\images\submit_bl.jpg --> ftp.zerone-consulting.com /httpdocs/projects/Etelegate_DontDelete/EtelegateBackup_24_Nov_2004/Etelegate/images submit_bl.jpg
2004.12.02 14:05 B E:\Etelegate_DontDelete\EtelegateBackup_24_Nov_2004\Etelegate\images\submitcompanydetails.jpg --> ftp.zerone-consulting.com /httpdocs/projects/Etelegate_DontDelete/EtelegateBackup_24_Nov_2004/Etelegate/images submitcompanydetails.jpg
2004.12.02 14:05 B E:\Etelegate_DontDelete\EtelegateBackup_24_Nov_2004\Etelegate\images\submitcompanydetails_bl.jpg --> ftp.zerone-consulting.com /httpdocs/projects/Etelegate_DontDelete/EtelegateBackup_24_Nov_2004/Etelegate/images submitcompanydetails_bl.jpg
2004.12.02 14:05 B E:\Etelegate_DontDelete\EtelegateBackup_24_Nov_2004\Etelegate\images\thumb.jpg --> ftp.zerone-consulting.com /httpdocs/projects/Etelegate_DontDelete/EtelegateBackup_24_Nov_2004/Etelegate/images thumb.jpg
2004.12.02 14:05 B E:\Etelegate_DontDelete\EtelegateBackup_24_Nov_2004\Etelegate\images\tick.gif --> ftp.zerone-consulting.com /httpdocs/projects/Etelegate_DontDelete/EtelegateBackup_24_Nov_2004/Etelegate/images tick.gif
2004.12.02 14:05 B E:\Etelegate_DontDelete\EtelegateBackup_24_Nov_2004\Etelegate\images\top1.jpg --> ftp.zerone-consulting.com /httpdocs/projects/Etelegate_DontDelete/EtelegateBackup_24_Nov_2004/Etelegate/images top1.jpg
2004.12.02 14:05 B E:\Etelegate_DontDelete\EtelegateBackup_24_Nov_2004\Etelegate\images\top1_new.jpg --> ftp.zerone-consulting.com /httpdocs/projects/Etelegate_DontDelete/EtelegateBackup_24_Nov_2004/Etelegate/images top1_new.jpg
2004.12.02 14:05 B E:\Etelegate_DontDelete\EtelegateBackup_24_Nov_2004\Etelegate\images\top2.jpg --> ftp.zerone-consulting.com /httpdocs/projects/Etelegate_DontDelete/EtelegateBackup_24_Nov_2004/Etelegate/images top2.jpg
2004.12.02 14:06 B E:\Etelegate_DontDelete\EtelegateBackup_24_Nov_2004\Etelegate\images\top3.jpg --> ftp.zerone-consulting.com /httpdocs/projects/Etelegate_DontDelete/EtelegateBackup_24_Nov_2004/Etelegate/images top3.jpg
2004.12.02 14:06 B E:\Etelegate_DontDelete\EtelegateBackup_24_Nov_2004\Etelegate\images\top4.jpg --> ftp.zerone-consulting.com /httpdocs/projects/Etelegate_DontDelete/EtelegateBackup_24_Nov_2004/Etelegate/images top4.jpg
2004.12.02 14:06 B E:\Etelegate_DontDelete\EtelegateBackup_24_Nov_2004\Etelegate\images\top4_new.jpg --> ftp.zerone-consulting.com /httpdocs/projects/Etelegate_DontDelete/EtelegateBackup_24_Nov_2004/Etelegate/images top4_new.jpg
2004.12.02 14:06 B E:\Etelegate_DontDelete\EtelegateBackup_24_Nov_2004\Etelegate\images\top5.jpg --> ftp.zerone-consulting.com /httpdocs/projects/Etelegate_DontDelete/EtelegateBackup_24_Nov_2004/Etelegate/images top5.jpg
2004.12.02 14:06 B E:\Etelegate_DontDelete\EtelegateBackup_24_Nov_2004\Etelegate\images\top6.jpg --> ftp.zerone-consulting.com /httpdocs/projects/Etelegate_DontDelete/EtelegateBackup_24_Nov_2004/Etelegate/images top6.jpg
2004.12.02 14:06 B E:\Etelegate_DontDelete\EtelegateBackup_24_Nov_2004\Etelegate\images\top_tr1.jpg --> ftp.zerone-consulting.com /httpdocs/projects/Etelegate_DontDelete/EtelegateBackup_24_Nov_2004/Etelegate/images top_tr1.jpg
2004.12.02 14:06 B E:\Etelegate_DontDelete\EtelegateBackup_24_Nov_2004\Etelegate\images\top_tr2.jpg --> ftp.zerone-consulting.com /httpdocs/projects/Etelegate_DontDelete/EtelegateBackup_24_Nov_2004/Etelegate/images top_tr2.jpg
2004.12.02 14:06 B E:\Etelegate_DontDelete\EtelegateBackup_24_Nov_2004\Etelegate\images\top_tr3.jpg --> ftp.zerone-consulting.com /httpdocs/projects/Etelegate_DontDelete/EtelegateBackup_24_Nov_2004/Etelegate/images top_tr3.jpg
2004.12.02 14:06 B E:\Etelegate_DontDelete\EtelegateBackup_24_Nov_2004\Etelegate\images\top_tr4.jpg --> ftp.zerone-consulting.com /httpdocs/projects/Etelegate_DontDelete/EtelegateBackup_24_Nov_2004/Etelegate/images top_tr4.jpg
2004.12.02 14:06 B E:\Etelegate_DontDelete\EtelegateBackup_24_Nov_2004\Etelegate\images\transactions.gif --> ftp.zerone-consulting.com /httpdocs/projects/Etelegate_DontDelete/EtelegateBackup_24_Nov_2004/Etelegate/images transactions.gif
2004.12.02 14:06 B E:\Etelegate_DontDelete\EtelegateBackup_24_Nov_2004\Etelegate\images\transactions_new.gif --> ftp.zerone-consulting.com /httpdocs/projects/Etelegate_DontDelete/EtelegateBackup_24_Nov_2004/Etelegate/images transactions_new.gif
2004.12.02 14:06 B E:\Etelegate_DontDelete\EtelegateBackup_24_Nov_2004\Etelegate\images\upload.jpg --> ftp.zerone-consulting.com /httpdocs/projects/Etelegate_DontDelete/EtelegateBackup_24_Nov_2004/Etelegate/images upload.jpg
2004.12.02 14:06 B E:\Etelegate_DontDelete\EtelegateBackup_24_Nov_2004\Etelegate\images\upload_bl.jpg --> ftp.zerone-consulting.com /httpdocs/projects/Etelegate_DontDelete/EtelegateBackup_24_Nov_2004/Etelegate/images upload_bl.jpg
2004.12.02 14:06 B E:\Etelegate_DontDelete\EtelegateBackup_24_Nov_2004\Etelegate\images\uploadattachment.gif --> ftp.zerone-consulting.com /httpdocs/projects/Etelegate_DontDelete/EtelegateBackup_24_Nov_2004/Etelegate/images uploadattachment.gif
2004.12.02 14:06 B E:\Etelegate_DontDelete\EtelegateBackup_24_Nov_2004\Etelegate\images\uploadattachment.jpg --> ftp.zerone-consulting.com /httpdocs/projects/Etelegate_DontDelete/EtelegateBackup_24_Nov_2004/Etelegate/images uploadattachment.jpg
2004.12.02 14:06 B E:\Etelegate_DontDelete\EtelegateBackup_24_Nov_2004\Etelegate\images\uploadattachment_bl.gif --> ftp.zerone-consulting.com /httpdocs/projects/Etelegate_DontDelete/EtelegateBackup_24_Nov_2004/Etelegate/images uploadattachment_bl.gif
2004.12.02 14:06 B E:\Etelegate_DontDelete\EtelegateBackup_24_Nov_2004\Etelegate\images\uploadattachment_bl.jpg --> ftp.zerone-consulting.com /httpdocs/projects/Etelegate_DontDelete/EtelegateBackup_24_Nov_2004/Etelegate/images uploadattachment_bl.jpg
2004.12.02 14:06 B E:\Etelegate_DontDelete\EtelegateBackup_24_Nov_2004\Etelegate\images\uploadown_tab.gif --> ftp.zerone-consulting.com /httpdocs/projects/Etelegate_DontDelete/EtelegateBackup_24_Nov_2004/Etelegate/images uploadown_tab.gif
2004.12.02 14:06 B E:\Etelegate_DontDelete\EtelegateBackup_24_Nov_2004\Etelegate\images\uploadown_tab1.gif --> ftp.zerone-consulting.com /httpdocs/projects/Etelegate_DontDelete/EtelegateBackup_24_Nov_2004/Etelegate/images uploadown_tab1.gif
2004.12.02 14:06 B E:\Etelegate_DontDelete\EtelegateBackup_24_Nov_2004\Etelegate\images\users.gif --> ftp.zerone-consulting.com /httpdocs/projects/Etelegate_DontDelete/EtelegateBackup_24_Nov_2004/Etelegate/images users.gif
2004.12.02 14:06 B E:\Etelegate_DontDelete\EtelegateBackup_24_Nov_2004\Etelegate\images\view.jpg --> ftp.zerone-consulting.com /httpdocs/projects/Etelegate_DontDelete/EtelegateBackup_24_Nov_2004/Etelegate/images view.jpg
2004.12.02 14:06 B E:\Etelegate_DontDelete\EtelegateBackup_24_Nov_2004\Etelegate\images\view_bl.jpg --> ftp.zerone-consulting.com /httpdocs/projects/Etelegate_DontDelete/EtelegateBackup_24_Nov_2004/Etelegate/images view_bl.jpg
2004.12.02 14:06 B E:\Etelegate_DontDelete\EtelegateBackup_24_Nov_2004\Etelegate\images\viewemail.gif --> ftp.zerone-consulting.com /httpdocs/projects/Etelegate_DontDelete/EtelegateBackup_24_Nov_2004/Etelegate/images viewemail.gif
2004.12.02 14:06 B E:\Etelegate_DontDelete\EtelegateBackup_24_Nov_2004\Etelegate\images\viewemail_bl.gif --> ftp.zerone-consulting.com /httpdocs/projects/Etelegate_DontDelete/EtelegateBackup_24_Nov_2004/Etelegate/images viewemail_bl.gif
2004.12.02 14:06 B E:\Etelegate_DontDelete\EtelegateBackup_24_Nov_2004\Etelegate\images\virtualterminal.gif --> ftp.zerone-consulting.com /httpdocs/projects/Etelegate_DontDelete/EtelegateBackup_24_Nov_2004/Etelegate/images virtualterminal.gif
2004.12.02 14:06 B E:\Etelegate_DontDelete\EtelegateBackup_24_Nov_2004\Etelegate\images\visa.jpg --> ftp.zerone-consulting.com /httpdocs/projects/Etelegate_DontDelete/EtelegateBackup_24_Nov_2004/Etelegate/images visa.jpg
2004.12.02 14:06 B E:\Etelegate_DontDelete\EtelegateBackup_24_Nov_2004\Etelegate\images\voicesystem.gif --> ftp.zerone-consulting.com /httpdocs/projects/Etelegate_DontDelete/EtelegateBackup_24_Nov_2004/Etelegate/images voicesystem.gif
2004.12.02 14:06 B E:\Etelegate_DontDelete\EtelegateBackup_24_Nov_2004\Etelegate\images\voicesystem_new.gif --> ftp.zerone-consulting.com /httpdocs/projects/Etelegate_DontDelete/EtelegateBackup_24_Nov_2004/Etelegate/images voicesystem_new.gif
2004.12.02 14:06 B E:\Etelegate_DontDelete\EtelegateBackup_24_Nov_2004\Etelegate\images\welcome.gif --> ftp.zerone-consulting.com /httpdocs/projects/Etelegate_DontDelete/EtelegateBackup_24_Nov_2004/Etelegate/images welcome.gif
2004.12.02 14:06 B E:\Etelegate_DontDelete\EtelegateBackup_24_Nov_2004\Etelegate\images\wiretransfer.jpg --> ftp.zerone-consulting.com /httpdocs/projects/Etelegate_DontDelete/EtelegateBackup_24_Nov_2004/Etelegate/images wiretransfer.jpg
2004.12.02 14:07 B E:\Etelegate_DontDelete\EtelegateBackup_24_Nov_2004\Etelegate\images\WS_FTP.LOG --> ftp.zerone-consulting.com /httpdocs/projects/Etelegate_DontDelete/EtelegateBackup_24_Nov_2004/Etelegate/images WS_FTP.LOG
2004.12.02 14:07 B E:\Etelegate_DontDelete\EtelegateBackup_24_Nov_2004\Etelegate\images\yourbank.gif --> ftp.zerone-consulting.com /httpdocs/projects/Etelegate_DontDelete/EtelegateBackup_24_Nov_2004/Etelegate/images yourbank.gif
2004.12.02 14:07 B E:\Etelegate_DontDelete\EtelegateBackup_24_Nov_2004\Etelegate\images\yourbank1.gif --> ftp.zerone-consulting.com /httpdocs/projects/Etelegate_DontDelete/EtelegateBackup_24_Nov_2004/Etelegate/images yourbank1.gif
2004.12.02 14:07 B E:\Etelegate_DontDelete\EtelegateBackup_24_Nov_2004\Etelegate\images\yourcompany.gif --> ftp.zerone-consulting.com /httpdocs/projects/Etelegate_DontDelete/EtelegateBackup_24_Nov_2004/Etelegate/images yourcompany.gif
2004.12.02 14:07 B E:\Etelegate_DontDelete\EtelegateBackup_24_Nov_2004\Etelegate\images\yourcompany1.gif --> ftp.zerone-consulting.com /httpdocs/projects/Etelegate_DontDelete/EtelegateBackup_24_Nov_2004/Etelegate/images yourcompany1.gif
2004.12.02 14:07 B E:\Etelegate_DontDelete\EtelegateBackup_24_Nov_2004\Etelegate\images\yourprocess.gif --> ftp.zerone-consulting.com /httpdocs/projects/Etelegate_DontDelete/EtelegateBackup_24_Nov_2004/Etelegate/images yourprocess.gif
2004.12.02 14:07 B E:\Etelegate_DontDelete\EtelegateBackup_24_Nov_2004\Etelegate\images\yourprocess1.gif --> ftp.zerone-consulting.com /httpdocs/projects/Etelegate_DontDelete/EtelegateBackup_24_Nov_2004/Etelegate/images yourprocess1.gif
2004.12.02 14:07 B E:\Etelegate_DontDelete\EtelegateBackup_24_Nov_2004\Etelegate\images\yourscript.gif --> ftp.zerone-consulting.com /httpdocs/projects/Etelegate_DontDelete/EtelegateBackup_24_Nov_2004/Etelegate/images yourscript.gif
2004.12.02 14:07 B E:\Etelegate_DontDelete\EtelegateBackup_24_Nov_2004\Etelegate\images\yourscript1.gif --> ftp.zerone-consulting.com /httpdocs/projects/Etelegate_DontDelete/EtelegateBackup_24_Nov_2004/Etelegate/images yourscript1.gif
