2004.12.02 14:30 B E:\Etelegate_DontDelete\EtelegateBackup_24_Nov_2004\Etelegate\pdf\2004060703295.html --> ftp.zerone-consulting.com /httpdocs/projects/Etelegate_DontDelete/EtelegateBackup_24_Nov_2004/Etelegate/pdf 2004060703295.html
2004.12.02 14:30 B E:\Etelegate_DontDelete\EtelegateBackup_24_Nov_2004\Etelegate\pdf\2004060703355.html --> ftp.zerone-consulting.com /httpdocs/projects/Etelegate_DontDelete/EtelegateBackup_24_Nov_2004/Etelegate/pdf 2004060703355.html
2004.12.02 14:30 B E:\Etelegate_DontDelete\EtelegateBackup_24_Nov_2004\Etelegate\pdf\2004060705295.html --> ftp.zerone-consulting.com /httpdocs/projects/Etelegate_DontDelete/EtelegateBackup_24_Nov_2004/Etelegate/pdf 2004060705295.html
2004.12.02 14:31 B E:\Etelegate_DontDelete\EtelegateBackup_24_Nov_2004\Etelegate\pdf\2004060705425.html --> ftp.zerone-consulting.com /httpdocs/projects/Etelegate_DontDelete/EtelegateBackup_24_Nov_2004/Etelegate/pdf 2004060705425.html
2004.12.02 14:31 B E:\Etelegate_DontDelete\EtelegateBackup_24_Nov_2004\Etelegate\pdf\2004060705425.pdf --> ftp.zerone-consulting.com /httpdocs/projects/Etelegate_DontDelete/EtelegateBackup_24_Nov_2004/Etelegate/pdf 2004060705425.pdf
2004.12.02 14:31 B E:\Etelegate_DontDelete\EtelegateBackup_24_Nov_2004\Etelegate\pdf\2004060705445.html --> ftp.zerone-consulting.com /httpdocs/projects/Etelegate_DontDelete/EtelegateBackup_24_Nov_2004/Etelegate/pdf 2004060705445.html
2004.12.02 14:31 B E:\Etelegate_DontDelete\EtelegateBackup_24_Nov_2004\Etelegate\pdf\2004060705445.pdf --> ftp.zerone-consulting.com /httpdocs/projects/Etelegate_DontDelete/EtelegateBackup_24_Nov_2004/Etelegate/pdf 2004060705445.pdf
2004.12.02 14:31 B E:\Etelegate_DontDelete\EtelegateBackup_24_Nov_2004\Etelegate\pdf\2004060705465.html --> ftp.zerone-consulting.com /httpdocs/projects/Etelegate_DontDelete/EtelegateBackup_24_Nov_2004/Etelegate/pdf 2004060705465.html
2004.12.02 14:31 B E:\Etelegate_DontDelete\EtelegateBackup_24_Nov_2004\Etelegate\pdf\2004060705465.pdf --> ftp.zerone-consulting.com /httpdocs/projects/Etelegate_DontDelete/EtelegateBackup_24_Nov_2004/Etelegate/pdf 2004060705465.pdf
2004.12.02 14:31 B E:\Etelegate_DontDelete\EtelegateBackup_24_Nov_2004\Etelegate\pdf\example1.php --> ftp.zerone-consulting.com /httpdocs/projects/Etelegate_DontDelete/EtelegateBackup_24_Nov_2004/Etelegate/pdf example1.php
2004.12.02 14:31 B E:\Etelegate_DontDelete\EtelegateBackup_24_Nov_2004\Etelegate\pdf\HTML_ToPDF.php --> ftp.zerone-consulting.com /httpdocs/projects/Etelegate_DontDelete/EtelegateBackup_24_Nov_2004/Etelegate/pdf HTML_ToPDF.php
2004.12.02 14:31 B E:\Etelegate_DontDelete\EtelegateBackup_24_Nov_2004\Etelegate\pdf\logo2os.gif --> ftp.zerone-consulting.com /httpdocs/projects/Etelegate_DontDelete/EtelegateBackup_24_Nov_2004/Etelegate/pdf logo2os.gif
2004.12.02 14:31 B E:\Etelegate_DontDelete\EtelegateBackup_24_Nov_2004\Etelegate\pdf\mirdas.html --> ftp.zerone-consulting.com /httpdocs/projects/Etelegate_DontDelete/EtelegateBackup_24_Nov_2004/Etelegate/pdf mirdas.html
2004.12.02 14:31 B E:\Etelegate_DontDelete\EtelegateBackup_24_Nov_2004\Etelegate\pdf\report.pdf --> ftp.zerone-consulting.com /httpdocs/projects/Etelegate_DontDelete/EtelegateBackup_24_Nov_2004/Etelegate/pdf report.pdf
2004.12.02 14:31 B E:\Etelegate_DontDelete\EtelegateBackup_24_Nov_2004\Etelegate\pdf\template.html --> ftp.zerone-consulting.com /httpdocs/projects/Etelegate_DontDelete/EtelegateBackup_24_Nov_2004/Etelegate/pdf template.html
2004.12.02 14:31 B E:\Etelegate_DontDelete\EtelegateBackup_24_Nov_2004\Etelegate\pdf\test.html --> ftp.zerone-consulting.com /httpdocs/projects/Etelegate_DontDelete/EtelegateBackup_24_Nov_2004/Etelegate/pdf test.html
2004.12.02 14:32 B E:\Etelegate_DontDelete\EtelegateBackup_24_Nov_2004\Etelegate\pdf\timecard.pdf --> ftp.zerone-consulting.com /httpdocs/projects/Etelegate_DontDelete/EtelegateBackup_24_Nov_2004/Etelegate/pdf timecard.pdf
2005.03.10 17:30 B E:\Etelegate_DontDelete\EtelegateBackup_24_Nov_2004\Etelegate\pdf\2004060703295.html --> ftp.etelegate.com /pdf 2004060703295.html
2005.03.10 17:30 B E:\Etelegate_DontDelete\EtelegateBackup_24_Nov_2004\Etelegate\pdf\2004060703355.html --> ftp.etelegate.com /pdf 2004060703355.html
2005.03.10 17:30 B E:\Etelegate_DontDelete\EtelegateBackup_24_Nov_2004\Etelegate\pdf\2004060705295.html --> ftp.etelegate.com /pdf 2004060705295.html
2005.03.10 17:30 B E:\Etelegate_DontDelete\EtelegateBackup_24_Nov_2004\Etelegate\pdf\2004060705425.html --> ftp.etelegate.com /pdf 2004060705425.html
2005.03.10 17:30 B E:\Etelegate_DontDelete\EtelegateBackup_24_Nov_2004\Etelegate\pdf\2004060705425.pdf --> ftp.etelegate.com /pdf 2004060705425.pdf
2005.03.10 17:30 B E:\Etelegate_DontDelete\EtelegateBackup_24_Nov_2004\Etelegate\pdf\2004060705445.html --> ftp.etelegate.com /pdf 2004060705445.html
2005.03.10 17:30 B E:\Etelegate_DontDelete\EtelegateBackup_24_Nov_2004\Etelegate\pdf\2004060705445.pdf --> ftp.etelegate.com /pdf 2004060705445.pdf
2005.03.10 17:30 B E:\Etelegate_DontDelete\EtelegateBackup_24_Nov_2004\Etelegate\pdf\2004060705465.html --> ftp.etelegate.com /pdf 2004060705465.html
2005.03.10 17:30 B E:\Etelegate_DontDelete\EtelegateBackup_24_Nov_2004\Etelegate\pdf\2004060705465.pdf --> ftp.etelegate.com /pdf 2004060705465.pdf
2005.03.10 17:30 B E:\Etelegate_DontDelete\EtelegateBackup_24_Nov_2004\Etelegate\pdf\example1.php --> ftp.etelegate.com /pdf example1.php
2005.03.10 17:31 B E:\Etelegate_DontDelete\EtelegateBackup_24_Nov_2004\Etelegate\pdf\HTML_ToPDF.php --> ftp.etelegate.com /pdf HTML_ToPDF.php
2005.03.10 17:31 B E:\Etelegate_DontDelete\EtelegateBackup_24_Nov_2004\Etelegate\pdf\logo2os.gif --> ftp.etelegate.com /pdf logo2os.gif
2005.03.10 17:31 B E:\Etelegate_DontDelete\EtelegateBackup_24_Nov_2004\Etelegate\pdf\mirdas.html --> ftp.etelegate.com /pdf mirdas.html
2005.03.10 17:31 B E:\Etelegate_DontDelete\EtelegateBackup_24_Nov_2004\Etelegate\pdf\report.pdf --> ftp.etelegate.com /pdf report.pdf
2005.03.10 17:31 B E:\Etelegate_DontDelete\EtelegateBackup_24_Nov_2004\Etelegate\pdf\template.html --> ftp.etelegate.com /pdf template.html
2005.03.10 17:31 B E:\Etelegate_DontDelete\EtelegateBackup_24_Nov_2004\Etelegate\pdf\test.html --> ftp.etelegate.com /pdf test.html
2005.03.10 17:31 B E:\Etelegate_DontDelete\EtelegateBackup_24_Nov_2004\Etelegate\pdf\timecard.pdf --> ftp.etelegate.com /pdf timecard.pdf
