2004.02.21 19:09 B H:\companysetup\service\addnotes.php --> ftp.zerone-projects.co.uk /companysetup/service addnotes.php
2004.02.21 19:09 B H:\companysetup\service\callback.php --> ftp.zerone-projects.co.uk /companysetup/service callback.php
2004.02.21 19:09 B H:\companysetup\service\canceltransaction.php --> ftp.zerone-projects.co.uk /companysetup/service canceltransaction.php
2004.02.21 19:09 B H:\companysetup\service\changepassword.php --> ftp.zerone-projects.co.uk /companysetup/service changepassword.php
2004.02.21 19:09 B H:\companysetup\service\customerservice.php --> ftp.zerone-projects.co.uk /companysetup/service customerservice.php
2004.02.21 19:10 B H:\companysetup\service\previouscalls.php --> ftp.zerone-projects.co.uk /companysetup/service previouscalls.php
2004.02.21 19:10 B H:\companysetup\service\searchresult.php --> ftp.zerone-projects.co.uk /companysetup/service searchresult.php
2004.02.21 19:10 B H:\companysetup\service\unfoundcall.php --> ftp.zerone-projects.co.uk /companysetup/service unfoundcall.php
2004.02.21 19:10 B H:\companysetup\service\updatenotes.php --> ftp.zerone-projects.co.uk /companysetup/service updatenotes.php
2004.12.02 14:39 B E:\Etelegate_DontDelete\EtelegateBackup_24_Nov_2004\Etelegate\service\addnotes.php --> ftp.zerone-consulting.com /httpdocs/projects/Etelegate_DontDelete/EtelegateBackup_24_Nov_2004/Etelegate/service addnotes.php
2004.12.02 14:39 B E:\Etelegate_DontDelete\EtelegateBackup_24_Nov_2004\Etelegate\service\addnotes_1.php --> ftp.zerone-consulting.com /httpdocs/projects/Etelegate_DontDelete/EtelegateBackup_24_Nov_2004/Etelegate/service addnotes_1.php
2004.12.02 14:39 B E:\Etelegate_DontDelete\EtelegateBackup_24_Nov_2004\Etelegate\service\blank.php --> ftp.zerone-consulting.com /httpdocs/projects/Etelegate_DontDelete/EtelegateBackup_24_Nov_2004/Etelegate/service blank.php
2004.12.02 14:39 B E:\Etelegate_DontDelete\EtelegateBackup_24_Nov_2004\Etelegate\service\callback.php --> ftp.zerone-consulting.com /httpdocs/projects/Etelegate_DontDelete/EtelegateBackup_24_Nov_2004/Etelegate/service callback.php
2004.12.02 14:39 B E:\Etelegate_DontDelete\EtelegateBackup_24_Nov_2004\Etelegate\service\canceltransaction.php --> ftp.zerone-consulting.com /httpdocs/projects/Etelegate_DontDelete/EtelegateBackup_24_Nov_2004/Etelegate/service canceltransaction.php
2004.12.02 14:39 B E:\Etelegate_DontDelete\EtelegateBackup_24_Nov_2004\Etelegate\service\canceltransaction_1.php --> ftp.zerone-consulting.com /httpdocs/projects/Etelegate_DontDelete/EtelegateBackup_24_Nov_2004/Etelegate/service canceltransaction_1.php
2004.12.02 14:39 B E:\Etelegate_DontDelete\EtelegateBackup_24_Nov_2004\Etelegate\service\changepassword.php --> ftp.zerone-consulting.com /httpdocs/projects/Etelegate_DontDelete/EtelegateBackup_24_Nov_2004/Etelegate/service changepassword.php
2004.12.02 14:39 B E:\Etelegate_DontDelete\EtelegateBackup_24_Nov_2004\Etelegate\service\changepasswordfb.php --> ftp.zerone-consulting.com /httpdocs/projects/Etelegate_DontDelete/EtelegateBackup_24_Nov_2004/Etelegate/service changepasswordfb.php
2004.12.02 14:39 B E:\Etelegate_DontDelete\EtelegateBackup_24_Nov_2004\Etelegate\service\customerservice.php --> ftp.zerone-consulting.com /httpdocs/projects/Etelegate_DontDelete/EtelegateBackup_24_Nov_2004/Etelegate/service customerservice.php
2004.12.02 14:39 B E:\Etelegate_DontDelete\EtelegateBackup_24_Nov_2004\Etelegate\service\previouscalls.php --> ftp.zerone-consulting.com /httpdocs/projects/Etelegate_DontDelete/EtelegateBackup_24_Nov_2004/Etelegate/service previouscalls.php
2004.12.02 14:39 B E:\Etelegate_DontDelete\EtelegateBackup_24_Nov_2004\Etelegate\service\searchresult.php --> ftp.zerone-consulting.com /httpdocs/projects/Etelegate_DontDelete/EtelegateBackup_24_Nov_2004/Etelegate/service searchresult.php
2004.12.02 14:39 B E:\Etelegate_DontDelete\EtelegateBackup_24_Nov_2004\Etelegate\service\unfoundcall.php --> ftp.zerone-consulting.com /httpdocs/projects/Etelegate_DontDelete/EtelegateBackup_24_Nov_2004/Etelegate/service unfoundcall.php
2004.12.02 14:39 B E:\Etelegate_DontDelete\EtelegateBackup_24_Nov_2004\Etelegate\service\updatenotes.php --> ftp.zerone-consulting.com /httpdocs/projects/Etelegate_DontDelete/EtelegateBackup_24_Nov_2004/Etelegate/service updatenotes.php
2004.12.02 14:40 B E:\Etelegate_DontDelete\EtelegateBackup_24_Nov_2004\Etelegate\service\virtualterminal.php --> ftp.zerone-consulting.com /httpdocs/projects/Etelegate_DontDelete/EtelegateBackup_24_Nov_2004/Etelegate/service virtualterminal.php
2004.12.02 14:40 B E:\Etelegate_DontDelete\EtelegateBackup_24_Nov_2004\Etelegate\service\WS_FTP.LOG --> ftp.zerone-consulting.com /httpdocs/projects/Etelegate_DontDelete/EtelegateBackup_24_Nov_2004/Etelegate/service WS_FTP.LOG
2005.03.10 17:52 B E:\Etelegate_DontDelete\EtelegateBackup_24_Nov_2004\Etelegate\service\addnotes.php --> ftp.etelegate.com /service addnotes.php
2005.03.10 17:52 B E:\Etelegate_DontDelete\EtelegateBackup_24_Nov_2004\Etelegate\service\addnotes_1.php --> ftp.etelegate.com /service addnotes_1.php
2005.03.10 17:52 B E:\Etelegate_DontDelete\EtelegateBackup_24_Nov_2004\Etelegate\service\blank.php --> ftp.etelegate.com /service blank.php
2005.03.10 17:52 B E:\Etelegate_DontDelete\EtelegateBackup_24_Nov_2004\Etelegate\service\callback.php --> ftp.etelegate.com /service callback.php
2005.03.10 17:52 B E:\Etelegate_DontDelete\EtelegateBackup_24_Nov_2004\Etelegate\service\canceltransaction.php --> ftp.etelegate.com /service canceltransaction.php
2005.03.10 17:52 B E:\Etelegate_DontDelete\EtelegateBackup_24_Nov_2004\Etelegate\service\canceltransaction_1.php --> ftp.etelegate.com /service canceltransaction_1.php
2005.03.10 17:53 B E:\Etelegate_DontDelete\EtelegateBackup_24_Nov_2004\Etelegate\service\changepassword.php --> ftp.etelegate.com /service changepassword.php
2005.03.10 17:53 B E:\Etelegate_DontDelete\EtelegateBackup_24_Nov_2004\Etelegate\service\changepasswordfb.php --> ftp.etelegate.com /service changepasswordfb.php
2005.03.10 17:53 B E:\Etelegate_DontDelete\EtelegateBackup_24_Nov_2004\Etelegate\service\customerservice.php --> ftp.etelegate.com /service customerservice.php
2005.03.10 17:53 B E:\Etelegate_DontDelete\EtelegateBackup_24_Nov_2004\Etelegate\service\previouscalls.php --> ftp.etelegate.com /service previouscalls.php
2005.03.10 17:53 B E:\Etelegate_DontDelete\EtelegateBackup_24_Nov_2004\Etelegate\service\searchresult.php --> ftp.etelegate.com /service searchresult.php
2005.03.10 17:53 B E:\Etelegate_DontDelete\EtelegateBackup_24_Nov_2004\Etelegate\service\unfoundcall.php --> ftp.etelegate.com /service unfoundcall.php
2005.03.10 17:53 B E:\Etelegate_DontDelete\EtelegateBackup_24_Nov_2004\Etelegate\service\updatenotes.php --> ftp.etelegate.com /service updatenotes.php
2005.03.10 17:53 B E:\Etelegate_DontDelete\EtelegateBackup_24_Nov_2004\Etelegate\service\virtualterminal.php --> ftp.etelegate.com /service virtualterminal.php
