2004.12.02 10:18 B E:\Etelegate_DontDelete\EtelegateBackup_24_Nov_2004\Etelegate\admin\includes\footer.php --> ftp.zerone-consulting.com /httpdocs/projects/Etelegate_DontDelete/EtelegateBackup_24_Nov_2004/Etelegate/admin/includes footer.php
2004.12.02 10:18 B E:\Etelegate_DontDelete\EtelegateBackup_24_Nov_2004\Etelegate\admin\includes\header.php --> ftp.zerone-consulting.com /httpdocs/projects/Etelegate_DontDelete/EtelegateBackup_24_Nov_2004/Etelegate/admin/includes header.php
2004.12.02 10:18 B E:\Etelegate_DontDelete\EtelegateBackup_24_Nov_2004\Etelegate\admin\includes\mailbody_replytemplate.php --> ftp.zerone-consulting.com /httpdocs/projects/Etelegate_DontDelete/EtelegateBackup_24_Nov_2004/Etelegate/admin/includes mailbody_replytemplate.php
2004.12.02 10:18 B E:\Etelegate_DontDelete\EtelegateBackup_24_Nov_2004\Etelegate\admin\includes\mailbody_replytemplate.php.bak --> ftp.zerone-consulting.com /httpdocs/projects/Etelegate_DontDelete/EtelegateBackup_24_Nov_2004/Etelegate/admin/includes mailbody_replytemplate.php.bak
2004.12.02 10:18 B E:\Etelegate_DontDelete\EtelegateBackup_24_Nov_2004\Etelegate\admin\includes\message.php --> ftp.zerone-consulting.com /httpdocs/projects/Etelegate_DontDelete/EtelegateBackup_24_Nov_2004/Etelegate/admin/includes message.php
2004.12.02 10:18 B E:\Etelegate_DontDelete\EtelegateBackup_24_Nov_2004\Etelegate\admin\includes\serviceheader.php --> ftp.zerone-consulting.com /httpdocs/projects/Etelegate_DontDelete/EtelegateBackup_24_Nov_2004/Etelegate/admin/includes serviceheader.php
2004.12.02 10:19 B E:\Etelegate_DontDelete\EtelegateBackup_24_Nov_2004\Etelegate\admin\includes\sessioncheck.php --> ftp.zerone-consulting.com /httpdocs/projects/Etelegate_DontDelete/EtelegateBackup_24_Nov_2004/Etelegate/admin/includes sessioncheck.php
2004.12.02 10:19 B E:\Etelegate_DontDelete\EtelegateBackup_24_Nov_2004\Etelegate\admin\includes\topheader.php --> ftp.zerone-consulting.com /httpdocs/projects/Etelegate_DontDelete/EtelegateBackup_24_Nov_2004/Etelegate/admin/includes topheader.php
2004.12.02 10:19 B E:\Etelegate_DontDelete\EtelegateBackup_24_Nov_2004\Etelegate\admin\includes\topheader.php.bak --> ftp.zerone-consulting.com /httpdocs/projects/Etelegate_DontDelete/EtelegateBackup_24_Nov_2004/Etelegate/admin/includes topheader.php.bak
2004.12.02 10:19 B E:\Etelegate_DontDelete\EtelegateBackup_24_Nov_2004\Etelegate\admin\includes\zipclass.php --> ftp.zerone-consulting.com /httpdocs/projects/Etelegate_DontDelete/EtelegateBackup_24_Nov_2004/Etelegate/admin/includes zipclass.php
2004.12.02 10:19 B E:\Etelegate_DontDelete\EtelegateBackup_24_Nov_2004\Etelegate\admin\includes\zipclass.php.bak --> ftp.zerone-consulting.com /httpdocs/projects/Etelegate_DontDelete/EtelegateBackup_24_Nov_2004/Etelegate/admin/includes zipclass.php.bak
2005.03.10 15:50 B E:\Etelegate_DontDelete\EtelegateBackup_24_Nov_2004\Etelegate\bank\admin\includes\footer.php --> ftp.etelegate.com /bank/admin/includes footer.php
2005.03.10 15:50 B E:\Etelegate_DontDelete\EtelegateBackup_24_Nov_2004\Etelegate\bank\admin\includes\header.php --> ftp.etelegate.com /bank/admin/includes header.php
2005.03.10 15:50 B E:\Etelegate_DontDelete\EtelegateBackup_24_Nov_2004\Etelegate\bank\admin\includes\mailbody_replytemplate.php --> ftp.etelegate.com /bank/admin/includes mailbody_replytemplate.php
2005.03.10 15:51 B E:\Etelegate_DontDelete\EtelegateBackup_24_Nov_2004\Etelegate\bank\admin\includes\mailbody_replytemplate.php.bak --> ftp.etelegate.com /bank/admin/includes mailbody_replytemplate.php.bak
2005.03.10 15:51 B E:\Etelegate_DontDelete\EtelegateBackup_24_Nov_2004\Etelegate\bank\admin\includes\message.php --> ftp.etelegate.com /bank/admin/includes message.php
2005.03.10 15:51 B E:\Etelegate_DontDelete\EtelegateBackup_24_Nov_2004\Etelegate\bank\admin\includes\serviceheader.php --> ftp.etelegate.com /bank/admin/includes serviceheader.php
2005.03.10 15:51 B E:\Etelegate_DontDelete\EtelegateBackup_24_Nov_2004\Etelegate\bank\admin\includes\sessioncheck.php --> ftp.etelegate.com /bank/admin/includes sessioncheck.php
2005.03.10 15:51 B E:\Etelegate_DontDelete\EtelegateBackup_24_Nov_2004\Etelegate\bank\admin\includes\topheader.php --> ftp.etelegate.com /bank/admin/includes topheader.php
2005.03.10 15:51 B E:\Etelegate_DontDelete\EtelegateBackup_24_Nov_2004\Etelegate\bank\admin\includes\topheader.php.bak --> ftp.etelegate.com /bank/admin/includes topheader.php.bak
2005.03.10 15:51 B E:\Etelegate_DontDelete\EtelegateBackup_24_Nov_2004\Etelegate\bank\admin\includes\WS_FTP.LOG --> ftp.etelegate.com /bank/admin/includes WS_FTP.LOG
2005.03.10 15:51 B E:\Etelegate_DontDelete\EtelegateBackup_24_Nov_2004\Etelegate\bank\admin\includes\zipclass.php --> ftp.etelegate.com /bank/admin/includes zipclass.php
2005.03.10 15:51 B E:\Etelegate_DontDelete\EtelegateBackup_24_Nov_2004\Etelegate\bank\admin\includes\zipclass.php.bak --> ftp.etelegate.com /bank/admin/includes zipclass.php.bak
