2004.12.02 10:15 B E:\Etelegate_DontDelete\EtelegateBackup_24_Nov_2004\Etelegate\admin\editor\images\bgcolor.gif --> ftp.zerone-consulting.com /httpdocs/projects/Etelegate_DontDelete/EtelegateBackup_24_Nov_2004/Etelegate/admin/editor/images bgcolor.gif
2004.12.02 10:15 B E:\Etelegate_DontDelete\EtelegateBackup_24_Nov_2004\Etelegate\admin\editor\images\bold.gif --> ftp.zerone-consulting.com /httpdocs/projects/Etelegate_DontDelete/EtelegateBackup_24_Nov_2004/Etelegate/admin/editor/images bold.gif
2004.12.02 10:15 B E:\Etelegate_DontDelete\EtelegateBackup_24_Nov_2004\Etelegate\admin\editor\images\bullist.gif --> ftp.zerone-consulting.com /httpdocs/projects/Etelegate_DontDelete/EtelegateBackup_24_Nov_2004/Etelegate/admin/editor/images bullist.gif
2004.12.02 10:15 B E:\Etelegate_DontDelete\EtelegateBackup_24_Nov_2004\Etelegate\admin\editor\images\center.gif --> ftp.zerone-consulting.com /httpdocs/projects/Etelegate_DontDelete/EtelegateBackup_24_Nov_2004/Etelegate/admin/editor/images center.gif
2004.12.02 10:15 B E:\Etelegate_DontDelete\EtelegateBackup_24_Nov_2004\Etelegate\admin\editor\images\copy.gif --> ftp.zerone-consulting.com /httpdocs/projects/Etelegate_DontDelete/EtelegateBackup_24_Nov_2004/Etelegate/admin/editor/images copy.gif
2004.12.02 10:15 B E:\Etelegate_DontDelete\EtelegateBackup_24_Nov_2004\Etelegate\admin\editor\images\cut.gif --> ftp.zerone-consulting.com /httpdocs/projects/Etelegate_DontDelete/EtelegateBackup_24_Nov_2004/Etelegate/admin/editor/images cut.gif
2004.12.02 10:15 B E:\Etelegate_DontDelete\EtelegateBackup_24_Nov_2004\Etelegate\admin\editor\images\fgcolor.gif --> ftp.zerone-consulting.com /httpdocs/projects/Etelegate_DontDelete/EtelegateBackup_24_Nov_2004/Etelegate/admin/editor/images fgcolor.gif
2004.12.02 10:15 B E:\Etelegate_DontDelete\EtelegateBackup_24_Nov_2004\Etelegate\admin\editor\images\image.gif --> ftp.zerone-consulting.com /httpdocs/projects/Etelegate_DontDelete/EtelegateBackup_24_Nov_2004/Etelegate/admin/editor/images image.gif
2004.12.02 10:15 B E:\Etelegate_DontDelete\EtelegateBackup_24_Nov_2004\Etelegate\admin\editor\images\Images_Icon.gif --> ftp.zerone-consulting.com /httpdocs/projects/Etelegate_DontDelete/EtelegateBackup_24_Nov_2004/Etelegate/admin/editor/images Images_Icon.gif
2004.12.02 10:15 B E:\Etelegate_DontDelete\EtelegateBackup_24_Nov_2004\Etelegate\admin\editor\images\italic.gif --> ftp.zerone-consulting.com /httpdocs/projects/Etelegate_DontDelete/EtelegateBackup_24_Nov_2004/Etelegate/admin/editor/images italic.gif
2004.12.02 10:15 B E:\Etelegate_DontDelete\EtelegateBackup_24_Nov_2004\Etelegate\admin\editor\images\left.gif --> ftp.zerone-consulting.com /httpdocs/projects/Etelegate_DontDelete/EtelegateBackup_24_Nov_2004/Etelegate/admin/editor/images left.gif
2004.12.02 10:15 B E:\Etelegate_DontDelete\EtelegateBackup_24_Nov_2004\Etelegate\admin\editor\images\line.gif --> ftp.zerone-consulting.com /httpdocs/projects/Etelegate_DontDelete/EtelegateBackup_24_Nov_2004/Etelegate/admin/editor/images line.gif
2004.12.02 10:15 B E:\Etelegate_DontDelete\EtelegateBackup_24_Nov_2004\Etelegate\admin\editor\images\logo.gif --> ftp.zerone-consulting.com /httpdocs/projects/Etelegate_DontDelete/EtelegateBackup_24_Nov_2004/Etelegate/admin/editor/images logo.gif
2004.12.02 10:15 B E:\Etelegate_DontDelete\EtelegateBackup_24_Nov_2004\Etelegate\admin\editor\images\new.gif --> ftp.zerone-consulting.com /httpdocs/projects/Etelegate_DontDelete/EtelegateBackup_24_Nov_2004/Etelegate/admin/editor/images new.gif
2004.12.02 10:15 B E:\Etelegate_DontDelete\EtelegateBackup_24_Nov_2004\Etelegate\admin\editor\images\numlist.gif --> ftp.zerone-consulting.com /httpdocs/projects/Etelegate_DontDelete/EtelegateBackup_24_Nov_2004/Etelegate/admin/editor/images numlist.gif
2004.12.02 10:15 B E:\Etelegate_DontDelete\EtelegateBackup_24_Nov_2004\Etelegate\admin\editor\images\paste.gif --> ftp.zerone-consulting.com /httpdocs/projects/Etelegate_DontDelete/EtelegateBackup_24_Nov_2004/Etelegate/admin/editor/images paste.gif
2004.12.02 10:15 B E:\Etelegate_DontDelete\EtelegateBackup_24_Nov_2004\Etelegate\admin\editor\images\print.gif --> ftp.zerone-consulting.com /httpdocs/projects/Etelegate_DontDelete/EtelegateBackup_24_Nov_2004/Etelegate/admin/editor/images print.gif
2004.12.02 10:15 B E:\Etelegate_DontDelete\EtelegateBackup_24_Nov_2004\Etelegate\admin\editor\images\right.gif --> ftp.zerone-consulting.com /httpdocs/projects/Etelegate_DontDelete/EtelegateBackup_24_Nov_2004/Etelegate/admin/editor/images right.gif
2004.12.02 10:15 B E:\Etelegate_DontDelete\EtelegateBackup_24_Nov_2004\Etelegate\admin\editor\images\save.gif --> ftp.zerone-consulting.com /httpdocs/projects/Etelegate_DontDelete/EtelegateBackup_24_Nov_2004/Etelegate/admin/editor/images save.gif
2004.12.02 10:15 B E:\Etelegate_DontDelete\EtelegateBackup_24_Nov_2004\Etelegate\admin\editor\images\strike.gif --> ftp.zerone-consulting.com /httpdocs/projects/Etelegate_DontDelete/EtelegateBackup_24_Nov_2004/Etelegate/admin/editor/images strike.gif
2004.12.02 10:15 B E:\Etelegate_DontDelete\EtelegateBackup_24_Nov_2004\Etelegate\admin\editor\images\subscript.gif --> ftp.zerone-consulting.com /httpdocs/projects/Etelegate_DontDelete/EtelegateBackup_24_Nov_2004/Etelegate/admin/editor/images subscript.gif
2004.12.02 10:15 B E:\Etelegate_DontDelete\EtelegateBackup_24_Nov_2004\Etelegate\admin\editor\images\superscript.gif --> ftp.zerone-consulting.com /httpdocs/projects/Etelegate_DontDelete/EtelegateBackup_24_Nov_2004/Etelegate/admin/editor/images superscript.gif
2004.12.02 10:15 B E:\Etelegate_DontDelete\EtelegateBackup_24_Nov_2004\Etelegate\admin\editor\images\table.gif --> ftp.zerone-consulting.com /httpdocs/projects/Etelegate_DontDelete/EtelegateBackup_24_Nov_2004/Etelegate/admin/editor/images table.gif
2004.12.02 10:15 B E:\Etelegate_DontDelete\EtelegateBackup_24_Nov_2004\Etelegate\admin\editor\images\under.gif --> ftp.zerone-consulting.com /httpdocs/projects/Etelegate_DontDelete/EtelegateBackup_24_Nov_2004/Etelegate/admin/editor/images under.gif
2005.03.10 15:47 B E:\Etelegate_DontDelete\EtelegateBackup_24_Nov_2004\Etelegate\bank\admin\editor\images\bgcolor.gif --> ftp.etelegate.com /bank/admin/editor/images bgcolor.gif
2005.03.10 15:47 B E:\Etelegate_DontDelete\EtelegateBackup_24_Nov_2004\Etelegate\bank\admin\editor\images\bold.gif --> ftp.etelegate.com /bank/admin/editor/images bold.gif
2005.03.10 15:47 B E:\Etelegate_DontDelete\EtelegateBackup_24_Nov_2004\Etelegate\bank\admin\editor\images\bullist.gif --> ftp.etelegate.com /bank/admin/editor/images bullist.gif
2005.03.10 15:47 B E:\Etelegate_DontDelete\EtelegateBackup_24_Nov_2004\Etelegate\bank\admin\editor\images\center.gif --> ftp.etelegate.com /bank/admin/editor/images center.gif
2005.03.10 15:47 B E:\Etelegate_DontDelete\EtelegateBackup_24_Nov_2004\Etelegate\bank\admin\editor\images\copy.gif --> ftp.etelegate.com /bank/admin/editor/images copy.gif
2005.03.10 15:47 B E:\Etelegate_DontDelete\EtelegateBackup_24_Nov_2004\Etelegate\bank\admin\editor\images\cut.gif --> ftp.etelegate.com /bank/admin/editor/images cut.gif
2005.03.10 15:47 B E:\Etelegate_DontDelete\EtelegateBackup_24_Nov_2004\Etelegate\bank\admin\editor\images\fgcolor.gif --> ftp.etelegate.com /bank/admin/editor/images fgcolor.gif
2005.03.10 15:47 B E:\Etelegate_DontDelete\EtelegateBackup_24_Nov_2004\Etelegate\bank\admin\editor\images\image.gif --> ftp.etelegate.com /bank/admin/editor/images image.gif
2005.03.10 15:47 B E:\Etelegate_DontDelete\EtelegateBackup_24_Nov_2004\Etelegate\bank\admin\editor\images\Images_Icon.gif --> ftp.etelegate.com /bank/admin/editor/images Images_Icon.gif
2005.03.10 15:47 B E:\Etelegate_DontDelete\EtelegateBackup_24_Nov_2004\Etelegate\bank\admin\editor\images\italic.gif --> ftp.etelegate.com /bank/admin/editor/images italic.gif
2005.03.10 15:47 B E:\Etelegate_DontDelete\EtelegateBackup_24_Nov_2004\Etelegate\bank\admin\editor\images\left.gif --> ftp.etelegate.com /bank/admin/editor/images left.gif
2005.03.10 15:47 B E:\Etelegate_DontDelete\EtelegateBackup_24_Nov_2004\Etelegate\bank\admin\editor\images\line.gif --> ftp.etelegate.com /bank/admin/editor/images line.gif
2005.03.10 15:47 B E:\Etelegate_DontDelete\EtelegateBackup_24_Nov_2004\Etelegate\bank\admin\editor\images\logo.gif --> ftp.etelegate.com /bank/admin/editor/images logo.gif
2005.03.10 15:47 B E:\Etelegate_DontDelete\EtelegateBackup_24_Nov_2004\Etelegate\bank\admin\editor\images\new.gif --> ftp.etelegate.com /bank/admin/editor/images new.gif
2005.03.10 15:47 B E:\Etelegate_DontDelete\EtelegateBackup_24_Nov_2004\Etelegate\bank\admin\editor\images\numlist.gif --> ftp.etelegate.com /bank/admin/editor/images numlist.gif
2005.03.10 15:47 B E:\Etelegate_DontDelete\EtelegateBackup_24_Nov_2004\Etelegate\bank\admin\editor\images\paste.gif --> ftp.etelegate.com /bank/admin/editor/images paste.gif
2005.03.10 15:47 B E:\Etelegate_DontDelete\EtelegateBackup_24_Nov_2004\Etelegate\bank\admin\editor\images\print.gif --> ftp.etelegate.com /bank/admin/editor/images print.gif
2005.03.10 15:47 B E:\Etelegate_DontDelete\EtelegateBackup_24_Nov_2004\Etelegate\bank\admin\editor\images\right.gif --> ftp.etelegate.com /bank/admin/editor/images right.gif
2005.03.10 15:47 B E:\Etelegate_DontDelete\EtelegateBackup_24_Nov_2004\Etelegate\bank\admin\editor\images\save.gif --> ftp.etelegate.com /bank/admin/editor/images save.gif
2005.03.10 15:47 B E:\Etelegate_DontDelete\EtelegateBackup_24_Nov_2004\Etelegate\bank\admin\editor\images\strike.gif --> ftp.etelegate.com /bank/admin/editor/images strike.gif
2005.03.10 15:47 B E:\Etelegate_DontDelete\EtelegateBackup_24_Nov_2004\Etelegate\bank\admin\editor\images\subscript.gif --> ftp.etelegate.com /bank/admin/editor/images subscript.gif
2005.03.10 15:47 B E:\Etelegate_DontDelete\EtelegateBackup_24_Nov_2004\Etelegate\bank\admin\editor\images\superscript.gif --> ftp.etelegate.com /bank/admin/editor/images superscript.gif
2005.03.10 15:47 B E:\Etelegate_DontDelete\EtelegateBackup_24_Nov_2004\Etelegate\bank\admin\editor\images\table.gif --> ftp.etelegate.com /bank/admin/editor/images table.gif
2005.03.10 15:47 B E:\Etelegate_DontDelete\EtelegateBackup_24_Nov_2004\Etelegate\bank\admin\editor\images\under.gif --> ftp.etelegate.com /bank/admin/editor/images under.gif
2005.03.10 15:47 B E:\Etelegate_DontDelete\EtelegateBackup_24_Nov_2004\Etelegate\bank\admin\editor\images\WS_FTP.LOG --> ftp.etelegate.com /bank/admin/editor/images WS_FTP.LOG
